{"numFailedTestSuites":0,"numFailedTests":0,"numPassedTestSuites":52,"numPassedTests":910,"numPendingTestSuites":0,"numPendingTests":0,"numRuntimeErrorTestSuites":0,"numTodoTests":0,"numTotalTestSuites":52,"numTotalTests":910,"openHandles":[],"snapshot":{"added":0,"didUpdate":false,"failure":false,"filesAdded":0,"filesRemoved":0,"filesRemovedList":[],"filesUnmatched":0,"filesUpdated":0,"matched":0,"total":0,"unchecked":0,"uncheckedKeysByFile":[],"unmatched":0,"updated":0},"startTime":1776881268251,"success":true,"testResults":[{"assertionResults":[{"ancestorTitles":["computeScatterData (correlation)"],"duration":29,"failureDetails":[],"failureMessages":[],"fullName":"computeScatterData (correlation) pairs X from left with Y from right on day key","invocations":1,"location":null,"numPassingAsserts":2,"retryReasons":[],"status":"passed","title":"pairs X from left with Y from right on day key"},{"ancestorTitles":["computeScatterData (correlation)"],"duration":1,"failureDetails":[],"failureMessages":[],"fullName":"computeScatterData (correlation) falls back to single-frame path when correlation is set but rightFrame missing","invocations":1,"location":null,"numPassingAsserts":1,"retryReasons":[],"status":"passed","title":"falls back to single-frame path when correlation is set but rightFrame missing"},{"ancestorTitles":["computeScatterData (correlation)"],"duration":1,"failureDetails":[],"failureMessages":[],"fullName":"computeScatterData (correlation) computes trend line on correlated data when requested","invocations":1,"location":null,"numPassingAsserts":2,"retryReasons":[],"status":"passed","title":"computes trend line on correlated data when requested"}],"endTime":1776881273895,"message":"","name":"C:\\Users\\Park\\OBSv1.0\\obs-projects-plus\\src\\ui\\views\\Database\\engine\\__tests__\\scatterCorrelation.test.ts","startTime":1776881272129,"status":"passed","summary":""},{"assertionResults":[{"ancestorTitles":["E2E: Pipeline → Aggregation → Formatting"],"duration":7,"failureDetails":[],"failureMessages":[],"fullName":"E2E: Pipeline → Aggregation → Formatting filter → group-by → aggregate chain","invocations":1,"location":null,"numPassingAsserts":8,"retryReasons":[],"status":"passed","title":"filter → group-by → aggregate chain"},{"ancestorTitles":["E2E: Pipeline → Aggregation → Formatting"],"duration":7,"failureDetails":[],"failureMessages":[],"fullName":"E2E: Pipeline → Aggregation → Formatting compute step adds derived columns","invocations":1,"location":null,"numPassingAsserts":5,"retryReasons":[],"status":"passed","title":"compute step adds derived columns"},{"ancestorTitles":["E2E: Pipeline → Aggregation → Formatting"],"duration":48,"failureDetails":[],"failureMessages":[],"fullName":"E2E: Pipeline → Aggregation → Formatting footer aggregation on full dataset","invocations":1,"location":null,"numPassingAsserts":4,"retryReasons":[],"status":"passed","title":"footer aggregation on full dataset"},{"ancestorTitles":["E2E: Pipeline → Aggregation → Formatting"],"duration":5,"failureDetails":[],"failureMessages":[],"fullName":"E2E: Pipeline → Aggregation → Formatting conditional format produces valid CSS","invocations":1,"location":null,"numPassingAsserts":8,"retryReasons":[],"status":"passed","title":"conditional format produces valid CSS"},{"ancestorTitles":["E2E: Chart data pipeline"],"duration":3,"failureDetails":[],"failureMessages":[],"fullName":"E2E: Chart data pipeline pie chart: status distribution by count","invocations":1,"location":null,"numPassingAsserts":7,"retryReasons":[],"status":"passed","title":"pie chart: status distribution by count"},{"ancestorTitles":["E2E: Chart data pipeline"],"duration":1,"failureDetails":[],"failureMessages":[],"fullName":"E2E: Chart data pipeline bar chart: budget sum by assignee, sorted desc","invocations":1,"location":null,"numPassingAsserts":5,"retryReasons":[],"status":"passed","title":"bar chart: budget sum by assignee, sorted desc"},{"ancestorTitles":["E2E: Chart data pipeline"],"duration":10,"failureDetails":[],"failureMessages":[],"fullName":"E2E: Chart data pipeline line chart: cumulative budget","invocations":1,"location":null,"numPassingAsserts":3,"retryReasons":[],"status":"passed","title":"line chart: cumulative budget"},{"ancestorTitles":["E2E: Chart data pipeline"],"duration":0,"failureDetails":[],"failureMessages":[],"fullName":"E2E: Chart data pipeline chart pipeline respects omitZero","invocations":1,"location":null,"numPassingAsserts":1,"retryReasons":[],"status":"passed","title":"chart pipeline respects omitZero"},{"ancestorTitles":["E2E: Relation resolution → Rollup"],"duration":4,"failureDetails":[],"failureMessages":[],"fullName":"E2E: Relation resolution → Rollup extract and resolve wiki-links, then rollup scores","invocations":1,"location":null,"numPassingAsserts":11,"retryReasons":[],"status":"passed","title":"extract and resolve wiki-links, then rollup scores"},{"ancestorTitles":["E2E: Relation resolution → Rollup"],"duration":3,"failureDetails":[],"failureMessages":[],"fullName":"E2E: Relation resolution → Rollup bi-directional backlinks: enrichWithBacklinks","invocations":1,"location":null,"numPassingAsserts":11,"retryReasons":[],"status":"passed","title":"bi-directional backlinks: enrichWithBacklinks"},{"ancestorTitles":["E2E: Config migration → template application"],"duration":13,"failureDetails":[],"failureMessages":[],"fullName":"E2E: Config migration → template application legacy TableConfig migrates and produces valid DatabaseViewConfig","invocations":1,"location":null,"numPassingAsserts":10,"retryReasons":[],"status":"passed","title":"legacy TableConfig migrates and produces valid DatabaseViewConfig"},{"ancestorTitles":["E2E: Config migration → template application"],"duration":0,"failureDetails":[],"failureMessages":[],"fullName":"E2E: Config migration → template application DatabaseViewConfig is NOT detected as legacy","invocations":1,"location":null,"numPassingAsserts":1,"retryReasons":[],"status":"passed","title":"DatabaseViewConfig is NOT detected as legacy"},{"ancestorTitles":["E2E: Config migration → template application"],"duration":18,"failureDetails":[],"failureMessages":[],"fullName":"E2E: Config migration → template application widget templates produce valid WidgetDefinitions","invocations":1,"location":null,"numPassingAsserts":127,"retryReasons":[],"status":"passed","title":"widget templates produce valid WidgetDefinitions"},{"ancestorTitles":["E2E: Config migration → template application"],"duration":4,"failureDetails":[],"failureMessages":[],"fullName":"E2E: Config migration → template application overview-finance template includes quick overview widget set","invocations":1,"location":null,"numPassingAsserts":5,"retryReasons":[],"status":"passed","title":"overview-finance template includes quick overview widget set"},{"ancestorTitles":["E2E: Config migration → template application"],"duration":1,"failureDetails":[],"failureMessages":[],"fullName":"E2E: Config migration → template application dashboard template includes stats + chart + table","invocations":1,"location":null,"numPassingAsserts":4,"retryReasons":[],"status":"passed","title":"dashboard template includes stats + chart + table"},{"ancestorTitles":["E2E: Complex multi-step pipeline"],"duration":2,"failureDetails":[],"failureMessages":[],"fullName":"E2E: Complex multi-step pipeline compute → filter → group-by → aggregate","invocations":1,"location":null,"numPassingAsserts":5,"retryReasons":[],"status":"passed","title":"compute → filter → group-by → aggregate"},{"ancestorTitles":["E2E: Complex multi-step pipeline"],"duration":27,"failureDetails":[],"failureMessages":[],"fullName":"E2E: Complex multi-step pipeline pipeline preserves execution metadata","invocations":1,"location":null,"numPassingAsserts":5,"retryReasons":[],"status":"passed","title":"pipeline preserves execution metadata"},{"ancestorTitles":["E2E: Security — CSS injection prevention"],"duration":3,"failureDetails":[],"failureMessages":[],"fullName":"E2E: Security — CSS injection prevention malicious color values are sanitized","invocations":1,"location":null,"numPassingAsserts":3,"retryReasons":[],"status":"passed","title":"malicious color values are sanitized"}],"endTime":1776881274483,"message":"","name":"C:\\Users\\Park\\OBSv1.0\\obs-projects-plus\\src\\ui\\views\\Database\\__tests__\\databaseView.e2e.test.ts","startTime":1776881273945,"status":"passed","summary":""},{"assertionResults":[{"ancestorTitles":["svelte-ts-transformer"],"duration":368,"failureDetails":[],"failureMessages":[],"fullName":"svelte-ts-transformer preserves runtime imports while stripping type-only imports from svelte scripts","invocations":1,"location":null,"numPassingAsserts":5,"retryReasons":[],"status":"passed","title":"preserves runtime imports while stripping type-only imports from svelte scripts"}],"endTime":1776881274780,"message":"","name":"C:\\Users\\Park\\OBSv1.0\\obs-projects-plus\\src\\__tests__\\svelteTsTransformer.test.ts","startTime":1776881272187,"status":"passed","summary":""},{"assertionResults":[{"ancestorTitles":["DatabaseViewCanvas"],"duration":385,"failureDetails":[],"failureMessages":[],"fullName":"DatabaseViewCanvas asks confirmation before replacing existing widgets and keeps layout on cancel","invocations":1,"location":null,"numPassingAsserts":6,"retryReasons":[],"status":"passed","title":"asks confirmation before replacing existing widgets and keeps layout on cancel"},{"ancestorTitles":["DatabaseViewCanvas"],"duration":334,"failureDetails":[],"failureMessages":[],"fullName":"DatabaseViewCanvas replaces widgets after confirmation","invocations":1,"location":null,"numPassingAsserts":4,"retryReasons":[],"status":"passed","title":"replaces widgets after confirmation"},{"ancestorTitles":["DatabaseViewCanvas"],"duration":160,"failureDetails":[],"failureMessages":[],"fullName":"DatabaseViewCanvas shows replace confirmation for toolbar template apply path","invocations":1,"location":null,"numPassingAsserts":2,"retryReasons":[],"status":"passed","title":"shows replace confirmation for toolbar template apply path"},{"ancestorTitles":["DatabaseViewCanvas"],"duration":89,"failureDetails":[],"failureMessages":[],"fullName":"DatabaseViewCanvas toggles formula bar from quick actions","invocations":1,"location":null,"numPassingAsserts":3,"retryReasons":[],"status":"passed","title":"toggles formula bar from quick actions"},{"ancestorTitles":["DatabaseViewCanvas"],"duration":129,"failureDetails":[],"failureMessages":[],"fullName":"DatabaseViewCanvas applies formula field from formula bar and closes it","invocations":1,"location":null,"numPassingAsserts":2,"retryReasons":[],"status":"passed","title":"applies formula field from formula bar and closes it"},{"ancestorTitles":["DatabaseViewCanvas"],"duration":58,"failureDetails":[],"failureMessages":[],"fullName":"DatabaseViewCanvas closes formula bar on cancel event","invocations":1,"location":null,"numPassingAsserts":1,"retryReasons":[],"status":"passed","title":"closes formula bar on cancel event"},{"ancestorTitles":["DatabaseViewCanvas"],"duration":84,"failureDetails":[],"failureMessages":[],"fullName":"DatabaseViewCanvas disables layout toggle on mobile","invocations":1,"location":null,"numPassingAsserts":1,"retryReasons":[],"status":"passed","title":"disables layout toggle on mobile"}],"endTime":1776881275151,"message":"","name":"C:\\Users\\Park\\OBSv1.0\\obs-projects-plus\\src\\ui\\views\\Database\\__tests__\\DatabaseViewCanvas.test.ts","startTime":1776881272129,"status":"passed","summary":""},{"assertionResults":[{"ancestorTitles":["TagDataSource.includes"],"duration":8,"failureDetails":[],"failureMessages":[],"fullName":"TagDataSource.includes matches when config tag has no # prefix","invocations":1,"location":null,"numPassingAsserts":1,"retryReasons":[],"status":"passed","title":"matches when config tag has no # prefix"},{"ancestorTitles":["TagDataSource.includes"],"duration":1,"failureDetails":[],"failureMessages":[],"fullName":"TagDataSource.includes matches when config tag has # prefix","invocations":1,"location":null,"numPassingAsserts":1,"retryReasons":[],"status":"passed","title":"matches when config tag has # prefix"},{"ancestorTitles":["TagDataSource.includes"],"duration":1,"failureDetails":[],"failureMessages":[],"fullName":"TagDataSource.includes matches file with YAML tags: [\"#daily\"] (the double-# bug)","invocations":1,"location":null,"numPassingAsserts":1,"retryReasons":[],"status":"passed","title":"matches file with YAML tags: [\"#daily\"] (the double-# bug)"},{"ancestorTitles":["TagDataSource.includes"],"duration":0,"failureDetails":[],"failureMessages":[],"fullName":"TagDataSource.includes matches file with YAML tags: [\"#daily\"] when config has no #","invocations":1,"location":null,"numPassingAsserts":1,"retryReasons":[],"status":"passed","title":"matches file with YAML tags: [\"#daily\"] when config has no #"},{"ancestorTitles":["TagDataSource.includes"],"duration":1,"failureDetails":[],"failureMessages":[],"fullName":"TagDataSource.includes matches YAML array tags","invocations":1,"location":null,"numPassingAsserts":1,"retryReasons":[],"status":"passed","title":"matches YAML array tags"},{"ancestorTitles":["TagDataSource.includes"],"duration":1,"failureDetails":[],"failureMessages":[],"fullName":"TagDataSource.includes does not match when tag is absent","invocations":1,"location":null,"numPassingAsserts":1,"retryReasons":[],"status":"passed","title":"does not match when tag is absent"},{"ancestorTitles":["TagDataSource.includes"],"duration":0,"failureDetails":[],"failureMessages":[],"fullName":"TagDataSource.includes matches inline tags in body","invocations":1,"location":null,"numPassingAsserts":1,"retryReasons":[],"status":"passed","title":"matches inline tags in body"},{"ancestorTitles":["TagDataSource.includes"],"duration":0,"failureDetails":[],"failureMessages":[],"fullName":"TagDataSource.includes matches parent tag in hierarchy mode","invocations":1,"location":null,"numPassingAsserts":1,"retryReasons":[],"status":"passed","title":"matches parent tag in hierarchy mode"},{"ancestorTitles":["TagDataSource.includes"],"duration":1,"failureDetails":[],"failureMessages":[],"fullName":"TagDataSource.includes does not match parent tag when hierarchy is off","invocations":1,"location":null,"numPassingAsserts":1,"retryReasons":[],"status":"passed","title":"does not match parent tag when hierarchy is off"},{"ancestorTitles":["TagDataSource.includes"],"duration":1,"failureDetails":[],"failureMessages":[],"fullName":"TagDataSource.includes matches exact tag in hierarchy mode","invocations":1,"location":null,"numPassingAsserts":1,"retryReasons":[],"status":"passed","title":"matches exact tag in hierarchy mode"},{"ancestorTitles":["TagDataSource.includes"],"duration":0,"failureDetails":[],"failureMessages":[],"fullName":"TagDataSource.includes excludes notes in excludedNotes list","invocations":1,"location":null,"numPassingAsserts":1,"retryReasons":[],"status":"passed","title":"excludes notes in excludedNotes list"},{"ancestorTitles":["TagDataSource.includes"],"duration":1,"failureDetails":[],"failureMessages":[],"fullName":"TagDataSource.includes returns false for non-tag datasource kind","invocations":1,"location":null,"numPassingAsserts":1,"retryReasons":[],"status":"passed","title":"returns false for non-tag datasource kind"},{"ancestorTitles":["TagDataSource.includes"],"duration":1,"failureDetails":[],"failureMessages":[],"fullName":"TagDataSource.includes returns false for non-existent file","invocations":1,"location":null,"numPassingAsserts":1,"retryReasons":[],"status":"passed","title":"returns false for non-existent file"},{"ancestorTitles":["TagDataSource.includes"],"duration":2,"failureDetails":[],"failureMessages":[],"fullName":"TagDataSource.includes returns false when config tag is empty","invocations":1,"location":null,"numPassingAsserts":1,"retryReasons":[],"status":"passed","title":"returns false when config tag is empty"},{"ancestorTitles":["TagDataSource.includes"],"duration":1,"failureDetails":[],"failureMessages":[],"fullName":"TagDataSource.includes returns false when config tag is only #","invocations":1,"location":null,"numPassingAsserts":1,"retryReasons":[],"status":"passed","title":"returns false when config tag is only #"}],"endTime":1776881275163,"message":"","name":"C:\\Users\\Park\\OBSv1.0\\obs-projects-plus\\src\\lib\\datasources\\tag\\datasource.test.ts","startTime":1776881274639,"status":"passed","summary":""},{"assertionResults":[{"ancestorTitles":["filterEngine","string operators"],"duration":4,"failureDetails":[],"failureMessages":[],"fullName":"filterEngine string operators is → exact match","invocations":1,"location":null,"numPassingAsserts":2,"retryReasons":[],"status":"passed","title":"is → exact match"},{"ancestorTitles":["filterEngine","string operators"],"duration":6,"failureDetails":[],"failureMessages":[],"fullName":"filterEngine string operators is-not → inverse","invocations":1,"location":null,"numPassingAsserts":2,"retryReasons":[],"status":"passed","title":"is-not → inverse"},{"ancestorTitles":["filterEngine","string operators"],"duration":2,"failureDetails":[],"failureMessages":[],"fullName":"filterEngine string operators contains → case-insensitive","invocations":1,"location":null,"numPassingAsserts":2,"retryReasons":[],"status":"passed","title":"contains → case-insensitive"},{"ancestorTitles":["filterEngine","string operators"],"duration":1,"failureDetails":[],"failureMessages":[],"fullName":"filterEngine string operators not-contains","invocations":1,"location":null,"numPassingAsserts":2,"retryReasons":[],"status":"passed","title":"not-contains"},{"ancestorTitles":["filterEngine","string operators"],"duration":1,"failureDetails":[],"failureMessages":[],"fullName":"filterEngine string operators starts-with","invocations":1,"location":null,"numPassingAsserts":2,"retryReasons":[],"status":"passed","title":"starts-with"},{"ancestorTitles":["filterEngine","string operators"],"duration":1,"failureDetails":[],"failureMessages":[],"fullName":"filterEngine string operators ends-with","invocations":1,"location":null,"numPassingAsserts":2,"retryReasons":[],"status":"passed","title":"ends-with"},{"ancestorTitles":["filterEngine","string operators"],"duration":2,"failureDetails":[],"failureMessages":[],"fullName":"filterEngine string operators regex","invocations":1,"location":null,"numPassingAsserts":3,"retryReasons":[],"status":"passed","title":"regex"},{"ancestorTitles":["filterEngine","base operators"],"duration":1,"failureDetails":[],"failureMessages":[],"fullName":"filterEngine base operators is-empty → null/undefined/empty string/empty array","invocations":1,"location":null,"numPassingAsserts":2,"retryReasons":[],"status":"passed","title":"is-empty → null/undefined/empty string/empty array"},{"ancestorTitles":["filterEngine","base operators"],"duration":3,"failureDetails":[],"failureMessages":[],"fullName":"filterEngine base operators is-not-empty","invocations":1,"location":null,"numPassingAsserts":2,"retryReasons":[],"status":"passed","title":"is-not-empty"},{"ancestorTitles":["filterEngine","base operators"],"duration":0,"failureDetails":[],"failureMessages":[],"fullName":"filterEngine base operators is-empty on empty array","invocations":1,"location":null,"numPassingAsserts":2,"retryReasons":[],"status":"passed","title":"is-empty on empty array"},{"ancestorTitles":["filterEngine","number operators"],"duration":1,"failureDetails":[],"failureMessages":[],"fullName":"filterEngine number operators eq","invocations":1,"location":null,"numPassingAsserts":2,"retryReasons":[],"status":"passed","title":"eq"},{"ancestorTitles":["filterEngine","number operators"],"duration":1,"failureDetails":[],"failureMessages":[],"fullName":"filterEngine number operators neq","invocations":1,"location":null,"numPassingAsserts":2,"retryReasons":[],"status":"passed","title":"neq"},{"ancestorTitles":["filterEngine","number operators"],"duration":1,"failureDetails":[],"failureMessages":[],"fullName":"filterEngine number operators gt","invocations":1,"location":null,"numPassingAsserts":2,"retryReasons":[],"status":"passed","title":"gt"},{"ancestorTitles":["filterEngine","number operators"],"duration":0,"failureDetails":[],"failureMessages":[],"fullName":"filterEngine number operators lt","invocations":1,"location":null,"numPassingAsserts":2,"retryReasons":[],"status":"passed","title":"lt"},{"ancestorTitles":["filterEngine","number operators"],"duration":1,"failureDetails":[],"failureMessages":[],"fullName":"filterEngine number operators gte","invocations":1,"location":null,"numPassingAsserts":2,"retryReasons":[],"status":"passed","title":"gte"},{"ancestorTitles":["filterEngine","number operators"],"duration":0,"failureDetails":[],"failureMessages":[],"fullName":"filterEngine number operators lte","invocations":1,"location":null,"numPassingAsserts":2,"retryReasons":[],"status":"passed","title":"lte"},{"ancestorTitles":["filterEngine","number operators"],"duration":2,"failureDetails":[],"failureMessages":[],"fullName":"filterEngine number operators gt with string value (UI input coercion)","invocations":1,"location":null,"numPassingAsserts":2,"retryReasons":[],"status":"passed","title":"gt with string value (UI input coercion)"},{"ancestorTitles":["filterEngine","number operators"],"duration":1,"failureDetails":[],"failureMessages":[],"fullName":"filterEngine number operators lt with string value (UI input coercion)","invocations":1,"location":null,"numPassingAsserts":2,"retryReasons":[],"status":"passed","title":"lt with string value (UI input coercion)"},{"ancestorTitles":["filterEngine","number operators"],"duration":1,"failureDetails":[],"failureMessages":[],"fullName":"filterEngine number operators eq with string value \"0\"","invocations":1,"location":null,"numPassingAsserts":1,"retryReasons":[],"status":"passed","title":"eq with string value \"0\""},{"ancestorTitles":["filterEngine","number operators"],"duration":1,"failureDetails":[],"failureMessages":[],"fullName":"filterEngine number operators gt with string value \"0\" (budget > 0)","invocations":1,"location":null,"numPassingAsserts":3,"retryReasons":[],"status":"passed","title":"gt with string value \"0\" (budget > 0)"},{"ancestorTitles":["filterEngine","date operators"],"duration":4,"failureDetails":[],"failureMessages":[],"fullName":"filterEngine date operators is-on → exact date match","invocations":1,"location":null,"numPassingAsserts":2,"retryReasons":[],"status":"passed","title":"is-on → exact date match"},{"ancestorTitles":["filterEngine","date operators"],"duration":2,"failureDetails":[],"failureMessages":[],"fullName":"filterEngine date operators is-not-on → inverse","invocations":1,"location":null,"numPassingAsserts":2,"retryReasons":[],"status":"passed","title":"is-not-on → inverse"},{"ancestorTitles":["filterEngine","date operators"],"duration":1,"failureDetails":[],"failureMessages":[],"fullName":"filterEngine date operators is-before","invocations":1,"location":null,"numPassingAsserts":2,"retryReasons":[],"status":"passed","title":"is-before"},{"ancestorTitles":["filterEngine","date operators"],"duration":1,"failureDetails":[],"failureMessages":[],"fullName":"filterEngine date operators is-after","invocations":1,"location":null,"numPassingAsserts":2,"retryReasons":[],"status":"passed","title":"is-after"},{"ancestorTitles":["filterEngine","date operators"],"duration":1,"failureDetails":[],"failureMessages":[],"fullName":"filterEngine date operators is-on-and-before","invocations":1,"location":null,"numPassingAsserts":3,"retryReasons":[],"status":"passed","title":"is-on-and-before"},{"ancestorTitles":["filterEngine","date operators"],"duration":1,"failureDetails":[],"failureMessages":[],"fullName":"filterEngine date operators is-on-and-after","invocations":1,"location":null,"numPassingAsserts":3,"retryReasons":[],"status":"passed","title":"is-on-and-after"},{"ancestorTitles":["filterEngine","date operators"],"duration":2,"failureDetails":[],"failureMessages":[],"fullName":"filterEngine date operators is-today → matches baseDate day","invocations":1,"location":null,"numPassingAsserts":2,"retryReasons":[],"status":"passed","title":"is-today → matches baseDate day"},{"ancestorTitles":["filterEngine","date operators"],"duration":1,"failureDetails":[],"failureMessages":[],"fullName":"filterEngine date operators is-overdue → before baseDate","invocations":1,"location":null,"numPassingAsserts":2,"retryReasons":[],"status":"passed","title":"is-overdue → before baseDate"},{"ancestorTitles":["filterEngine","date operators"],"duration":1,"failureDetails":[],"failureMessages":[],"fullName":"filterEngine date operators is-upcoming → after baseDate","invocations":1,"location":null,"numPassingAsserts":2,"retryReasons":[],"status":"passed","title":"is-upcoming → after baseDate"},{"ancestorTitles":["filterEngine","date operators"],"duration":2,"failureDetails":[],"failureMessages":[],"fullName":"filterEngine date operators is-this-month","invocations":1,"location":null,"numPassingAsserts":2,"retryReasons":[],"status":"passed","title":"is-this-month"},{"ancestorTitles":["filterEngine","date formulas in filter values"],"duration":4,"failureDetails":[],"failureMessages":[],"fullName":"filterEngine date formulas in filter values is-on with \"today\" formula","invocations":1,"location":null,"numPassingAsserts":2,"retryReasons":[],"status":"passed","title":"is-on with \"today\" formula"},{"ancestorTitles":["filterEngine","date formulas in filter values"],"duration":1,"failureDetails":[],"failureMessages":[],"fullName":"filterEngine date formulas in filter values is-before with \"today\" formula","invocations":1,"location":null,"numPassingAsserts":2,"retryReasons":[],"status":"passed","title":"is-before with \"today\" formula"},{"ancestorTitles":["filterEngine","date formulas in filter values"],"duration":2,"failureDetails":[],"failureMessages":[],"fullName":"filterEngine date formulas in filter values is-on-and-before with \"today+1w\" DQL formula","invocations":1,"location":null,"numPassingAsserts":4,"retryReasons":[],"status":"passed","title":"is-on-and-before with \"today+1w\" DQL formula"},{"ancestorTitles":["filterEngine","date formulas in filter values"],"duration":1,"failureDetails":[],"failureMessages":[],"fullName":"filterEngine date formulas in filter values is-after with \"eom\" DQL formula","invocations":1,"location":null,"numPassingAsserts":2,"retryReasons":[],"status":"passed","title":"is-after with \"eom\" DQL formula"},{"ancestorTitles":["filterEngine","date formulas in filter values"],"duration":0,"failureDetails":[],"failureMessages":[],"fullName":"filterEngine date formulas in filter values is-on-and-after with \"sow\" DQL formula","invocations":1,"location":null,"numPassingAsserts":2,"retryReasons":[],"status":"passed","title":"is-on-and-after with \"sow\" DQL formula"},{"ancestorTitles":["filterEngine","list/tags operators"],"duration":1,"failureDetails":[],"failureMessages":[],"fullName":"filterEngine list/tags operators has-any-of","invocations":1,"location":null,"numPassingAsserts":3,"retryReasons":[],"status":"passed","title":"has-any-of"},{"ancestorTitles":["filterEngine","list/tags operators"],"duration":1,"failureDetails":[],"failureMessages":[],"fullName":"filterEngine list/tags operators has-all-of","invocations":1,"location":null,"numPassingAsserts":2,"retryReasons":[],"status":"passed","title":"has-all-of"},{"ancestorTitles":["filterEngine","list/tags operators"],"duration":4,"failureDetails":[],"failureMessages":[],"fullName":"filterEngine list/tags operators has-none-of","invocations":1,"location":null,"numPassingAsserts":2,"retryReasons":[],"status":"passed","title":"has-none-of"},{"ancestorTitles":["filterEngine","list/tags operators"],"duration":1,"failureDetails":[],"failureMessages":[],"fullName":"filterEngine list/tags operators has-keyword","invocations":1,"location":null,"numPassingAsserts":2,"retryReasons":[],"status":"passed","title":"has-keyword"},{"ancestorTitles":["filterEngine","backward compatibility — legacy operators"],"duration":1,"failureDetails":[],"failureMessages":[],"fullName":"filterEngine backward compatibility — legacy operators equals → is","invocations":1,"location":null,"numPassingAsserts":1,"retryReasons":[],"status":"passed","title":"equals → is"},{"ancestorTitles":["filterEngine","backward compatibility — legacy operators"],"duration":1,"failureDetails":[],"failureMessages":[],"fullName":"filterEngine backward compatibility — legacy operators not_equals → is-not","invocations":1,"location":null,"numPassingAsserts":1,"retryReasons":[],"status":"passed","title":"not_equals → is-not"},{"ancestorTitles":["filterEngine","backward compatibility — legacy operators"],"duration":1,"failureDetails":[],"failureMessages":[],"fullName":"filterEngine backward compatibility — legacy operators is_empty → is-empty","invocations":1,"location":null,"numPassingAsserts":1,"retryReasons":[],"status":"passed","title":"is_empty → is-empty"},{"ancestorTitles":["filterEngine","backward compatibility — legacy operators"],"duration":1,"failureDetails":[],"failureMessages":[],"fullName":"filterEngine backward compatibility — legacy operators greater_than → gt","invocations":1,"location":null,"numPassingAsserts":1,"retryReasons":[],"status":"passed","title":"greater_than → gt"},{"ancestorTitles":["filterEngine","backward compatibility — legacy operators"],"duration":2,"failureDetails":[],"failureMessages":[],"fullName":"filterEngine backward compatibility — legacy operators is_today → is-today","invocations":1,"location":null,"numPassingAsserts":1,"retryReasons":[],"status":"passed","title":"is_today → is-today"},{"ancestorTitles":["filterEngine","backward compatibility — legacy operators"],"duration":1,"failureDetails":[],"failureMessages":[],"fullName":"filterEngine backward compatibility — legacy operators is_overdue → is-overdue","invocations":1,"location":null,"numPassingAsserts":1,"retryReasons":[],"status":"passed","title":"is_overdue → is-overdue"},{"ancestorTitles":["filterEngine","evaluateFilters — AND conjunction"],"duration":31,"failureDetails":[],"failureMessages":[],"fullName":"filterEngine evaluateFilters — AND conjunction empty filters → match all","invocations":1,"location":null,"numPassingAsserts":1,"retryReasons":[],"status":"passed","title":"empty filters → match all"},{"ancestorTitles":["filterEngine","evaluateFilters — AND conjunction"],"duration":1,"failureDetails":[],"failureMessages":[],"fullName":"filterEngine evaluateFilters — AND conjunction multiple filters → all must match","invocations":1,"location":null,"numPassingAsserts":2,"retryReasons":[],"status":"passed","title":"multiple filters → all must match"},{"ancestorTitles":["filterEngine","evaluateFilterGroup"],"duration":1,"failureDetails":[],"failureMessages":[],"fullName":"filterEngine evaluateFilterGroup AND group — all must match","invocations":1,"location":null,"numPassingAsserts":2,"retryReasons":[],"status":"passed","title":"AND group — all must match"},{"ancestorTitles":["filterEngine","evaluateFilterGroup"],"duration":2,"failureDetails":[],"failureMessages":[],"fullName":"filterEngine evaluateFilterGroup OR group — any can match","invocations":1,"location":null,"numPassingAsserts":3,"retryReasons":[],"status":"passed","title":"OR group — any can match"},{"ancestorTitles":["filterEngine","evaluateFilterGroup"],"duration":1,"failureDetails":[],"failureMessages":[],"fullName":"filterEngine evaluateFilterGroup empty group → match all","invocations":1,"location":null,"numPassingAsserts":1,"retryReasons":[],"status":"passed","title":"empty group → match all"},{"ancestorTitles":["filterEngine","evaluateFilterGroup"],"duration":1,"failureDetails":[],"failureMessages":[],"fullName":"filterEngine evaluateFilterGroup nested groups → recursive evaluation","invocations":1,"location":null,"numPassingAsserts":3,"retryReasons":[],"status":"passed","title":"nested groups → recursive evaluation"},{"ancestorTitles":["filterEngine","evaluateFilterGroup"],"duration":1,"failureDetails":[],"failureMessages":[],"fullName":"filterEngine evaluateFilterGroup disabled filters are skipped","invocations":1,"location":null,"numPassingAsserts":1,"retryReasons":[],"status":"passed","title":"disabled filters are skipped"},{"ancestorTitles":["filterEngine","filterRecordsForList"],"duration":8,"failureDetails":[],"failureMessages":[],"fullName":"filterEngine filterRecordsForList visual mode — filters by group","invocations":1,"location":null,"numPassingAsserts":4,"retryReasons":[],"status":"passed","title":"visual mode — filters by group"},{"ancestorTitles":["filterEngine","filterRecordsForList"],"duration":1,"failureDetails":[],"failureMessages":[],"fullName":"filterEngine filterRecordsForList no filters → return all","invocations":1,"location":null,"numPassingAsserts":1,"retryReasons":[],"status":"passed","title":"no filters → return all"},{"ancestorTitles":["filterEngine","filterRecordsForList"],"duration":2,"failureDetails":[],"failureMessages":[],"fullName":"filterEngine filterRecordsForList DQL formula in visual filter works","invocations":1,"location":null,"numPassingAsserts":1,"retryReasons":[],"status":"passed","title":"DQL formula in visual filter works"}],"endTime":1776881275285,"message":"","name":"C:\\Users\\Park\\OBSv1.0\\obs-projects-plus\\src\\ui\\views\\Calendar\\agenda\\filterEngine.test.ts","startTime":1776881274881,"status":"passed","summary":""},{"assertionResults":[{"ancestorTitles":["applyRecordToFrontmatter"],"duration":3,"failureDetails":[],"failureMessages":[],"fullName":"applyRecordToFrontmatter assigns primitive values verbatim","invocations":1,"location":null,"numPassingAsserts":1,"retryReasons":[],"status":"passed","title":"assigns primitive values verbatim"},{"ancestorTitles":["applyRecordToFrontmatter"],"duration":4,"failureDetails":[],"failureMessages":[],"fullName":"applyRecordToFrontmatter formats date-only values with the date format","invocations":1,"location":null,"numPassingAsserts":1,"retryReasons":[],"status":"passed","title":"formats date-only values with the date format"},{"ancestorTitles":["applyRecordToFrontmatter"],"duration":0,"failureDetails":[],"failureMessages":[],"fullName":"applyRecordToFrontmatter skips derived fields","invocations":1,"location":null,"numPassingAsserts":1,"retryReasons":[],"status":"passed","title":"skips derived fields"},{"ancestorTitles":["DataApi.updateRecord — Phase 3 / F6"],"duration":5,"failureDetails":[],"failureMessages":[],"fullName":"DataApi.updateRecord — Phase 3 / F6 prefers processFrontMatter when supported and skips full-file write","invocations":1,"location":null,"numPassingAsserts":5,"retryReasons":[],"status":"passed","title":"prefers processFrontMatter when supported and skips full-file write"},{"ancestorTitles":["DataApi.updateRecord — Phase 3 / F6"],"duration":18,"failureDetails":[],"failureMessages":[],"fullName":"DataApi.updateRecord — Phase 3 / F6 falls back to read-modify-write when processFrontMatter returns false","invocations":1,"location":null,"numPassingAsserts":5,"retryReasons":[],"status":"passed","title":"falls back to read-modify-write when processFrontMatter returns false"}],"endTime":1776881275628,"message":"","name":"C:\\Users\\Park\\OBSv1.0\\obs-projects-plus\\src\\lib\\__tests__\\dataApi.processFrontMatter.test.ts","startTime":1776881275216,"status":"passed","summary":""},{"assertionResults":[{"ancestorTitles":["dateFormulaParser","parseDateFormula — basic keywords"],"duration":1,"failureDetails":[],"failureMessages":[],"fullName":"dateFormulaParser parseDateFormula — basic keywords today → current day","invocations":1,"location":null,"numPassingAsserts":2,"retryReasons":[],"status":"passed","title":"today → current day"},{"ancestorTitles":["dateFormulaParser","parseDateFormula — basic keywords"],"duration":1,"failureDetails":[],"failureMessages":[],"fullName":"dateFormulaParser parseDateFormula — basic keywords now → alias for today","invocations":1,"location":null,"numPassingAsserts":2,"retryReasons":[],"status":"passed","title":"now → alias for today"},{"ancestorTitles":["dateFormulaParser","parseDateFormula — basic keywords"],"duration":1,"failureDetails":[],"failureMessages":[],"fullName":"dateFormulaParser parseDateFormula — basic keywords tomorrow → next day","invocations":1,"location":null,"numPassingAsserts":2,"retryReasons":[],"status":"passed","title":"tomorrow → next day"},{"ancestorTitles":["dateFormulaParser","parseDateFormula — basic keywords"],"duration":1,"failureDetails":[],"failureMessages":[],"fullName":"dateFormulaParser parseDateFormula — basic keywords yesterday → previous day","invocations":1,"location":null,"numPassingAsserts":2,"retryReasons":[],"status":"passed","title":"yesterday → previous day"},{"ancestorTitles":["dateFormulaParser","parseDateFormula — DQL abbreviations"],"duration":1,"failureDetails":[],"failureMessages":[],"fullName":"dateFormulaParser parseDateFormula — DQL abbreviations sow → start of week","invocations":1,"location":null,"numPassingAsserts":2,"retryReasons":[],"status":"passed","title":"sow → start of week"},{"ancestorTitles":["dateFormulaParser","parseDateFormula — DQL abbreviations"],"duration":1,"failureDetails":[],"failureMessages":[],"fullName":"dateFormulaParser parseDateFormula — DQL abbreviations eow → end of week","invocations":1,"location":null,"numPassingAsserts":2,"retryReasons":[],"status":"passed","title":"eow → end of week"},{"ancestorTitles":["dateFormulaParser","parseDateFormula — DQL abbreviations"],"duration":0,"failureDetails":[],"failureMessages":[],"fullName":"dateFormulaParser parseDateFormula — DQL abbreviations som → start of month","invocations":1,"location":null,"numPassingAsserts":2,"retryReasons":[],"status":"passed","title":"som → start of month"},{"ancestorTitles":["dateFormulaParser","parseDateFormula — DQL abbreviations"],"duration":0,"failureDetails":[],"failureMessages":[],"fullName":"dateFormulaParser parseDateFormula — DQL abbreviations eom → end of month","invocations":1,"location":null,"numPassingAsserts":2,"retryReasons":[],"status":"passed","title":"eom → end of month"},{"ancestorTitles":["dateFormulaParser","parseDateFormula — DQL abbreviations"],"duration":1,"failureDetails":[],"failureMessages":[],"fullName":"dateFormulaParser parseDateFormula — DQL abbreviations soy → start of year","invocations":1,"location":null,"numPassingAsserts":2,"retryReasons":[],"status":"passed","title":"soy → start of year"},{"ancestorTitles":["dateFormulaParser","parseDateFormula — DQL abbreviations"],"duration":1,"failureDetails":[],"failureMessages":[],"fullName":"dateFormulaParser parseDateFormula — DQL abbreviations eoy → end of year","invocations":1,"location":null,"numPassingAsserts":2,"retryReasons":[],"status":"passed","title":"eoy → end of year"},{"ancestorTitles":["dateFormulaParser","parseDateFormula — legacy aliases"],"duration":0,"failureDetails":[],"failureMessages":[],"fullName":"dateFormulaParser parseDateFormula — legacy aliases week_start = sow","invocations":1,"location":null,"numPassingAsserts":1,"retryReasons":[],"status":"passed","title":"week_start = sow"},{"ancestorTitles":["dateFormulaParser","parseDateFormula — legacy aliases"],"duration":9,"failureDetails":[],"failureMessages":[],"fullName":"dateFormulaParser parseDateFormula — legacy aliases weekstart = sow","invocations":1,"location":null,"numPassingAsserts":1,"retryReasons":[],"status":"passed","title":"weekstart = sow"},{"ancestorTitles":["dateFormulaParser","parseDateFormula — legacy aliases"],"duration":1,"failureDetails":[],"failureMessages":[],"fullName":"dateFormulaParser parseDateFormula — legacy aliases week_end = eow","invocations":1,"location":null,"numPassingAsserts":1,"retryReasons":[],"status":"passed","title":"week_end = eow"},{"ancestorTitles":["dateFormulaParser","parseDateFormula — legacy aliases"],"duration":1,"failureDetails":[],"failureMessages":[],"fullName":"dateFormulaParser parseDateFormula — legacy aliases weekend = eow","invocations":1,"location":null,"numPassingAsserts":1,"retryReasons":[],"status":"passed","title":"weekend = eow"},{"ancestorTitles":["dateFormulaParser","parseDateFormula — legacy aliases"],"duration":2,"failureDetails":[],"failureMessages":[],"fullName":"dateFormulaParser parseDateFormula — legacy aliases month_start = som","invocations":1,"location":null,"numPassingAsserts":1,"retryReasons":[],"status":"passed","title":"month_start = som"},{"ancestorTitles":["dateFormulaParser","parseDateFormula — legacy aliases"],"duration":2,"failureDetails":[],"failureMessages":[],"fullName":"dateFormulaParser parseDateFormula — legacy aliases month_end = eom","invocations":1,"location":null,"numPassingAsserts":1,"retryReasons":[],"status":"passed","title":"month_end = eom"},{"ancestorTitles":["dateFormulaParser","parseDateFormula — legacy aliases"],"duration":1,"failureDetails":[],"failureMessages":[],"fullName":"dateFormulaParser parseDateFormula — legacy aliases year_start = soy","invocations":1,"location":null,"numPassingAsserts":1,"retryReasons":[],"status":"passed","title":"year_start = soy"},{"ancestorTitles":["dateFormulaParser","parseDateFormula — legacy aliases"],"duration":0,"failureDetails":[],"failureMessages":[],"fullName":"dateFormulaParser parseDateFormula — legacy aliases year_end = eoy","invocations":1,"location":null,"numPassingAsserts":1,"retryReasons":[],"status":"passed","title":"year_end = eoy"},{"ancestorTitles":["dateFormulaParser","parseDateFormula — day offsets"],"duration":1,"failureDetails":[],"failureMessages":[],"fullName":"dateFormulaParser parseDateFormula — day offsets today+1 → tomorrow","invocations":1,"location":null,"numPassingAsserts":2,"retryReasons":[],"status":"passed","title":"today+1 → tomorrow"},{"ancestorTitles":["dateFormulaParser","parseDateFormula — day offsets"],"duration":0,"failureDetails":[],"failureMessages":[],"fullName":"dateFormulaParser parseDateFormula — day offsets today-1 → yesterday","invocations":1,"location":null,"numPassingAsserts":2,"retryReasons":[],"status":"passed","title":"today-1 → yesterday"},{"ancestorTitles":["dateFormulaParser","parseDateFormula — day offsets"],"duration":1,"failureDetails":[],"failureMessages":[],"fullName":"dateFormulaParser parseDateFormula — day offsets today+7 → 7 days ahead","invocations":1,"location":null,"numPassingAsserts":2,"retryReasons":[],"status":"passed","title":"today+7 → 7 days ahead"},{"ancestorTitles":["dateFormulaParser","parseDateFormula — day offsets"],"duration":1,"failureDetails":[],"failureMessages":[],"fullName":"dateFormulaParser parseDateFormula — day offsets today-7 → 7 days ago","invocations":1,"location":null,"numPassingAsserts":2,"retryReasons":[],"status":"passed","title":"today-7 → 7 days ago"},{"ancestorTitles":["dateFormulaParser","parseDateFormula — day offsets"],"duration":1,"failureDetails":[],"failureMessages":[],"fullName":"dateFormulaParser parseDateFormula — day offsets today+30 → 30 days ahead","invocations":1,"location":null,"numPassingAsserts":2,"retryReasons":[],"status":"passed","title":"today+30 → 30 days ahead"},{"ancestorTitles":["dateFormulaParser","parseDateFormula — duration units"],"duration":1,"failureDetails":[],"failureMessages":[],"fullName":"dateFormulaParser parseDateFormula — duration units today+1d → 1 day","invocations":1,"location":null,"numPassingAsserts":2,"retryReasons":[],"status":"passed","title":"today+1d → 1 day"},{"ancestorTitles":["dateFormulaParser","parseDateFormula — duration units"],"duration":1,"failureDetails":[],"failureMessages":[],"fullName":"dateFormulaParser parseDateFormula — duration units today+1w → 1 week","invocations":1,"location":null,"numPassingAsserts":2,"retryReasons":[],"status":"passed","title":"today+1w → 1 week"},{"ancestorTitles":["dateFormulaParser","parseDateFormula — duration units"],"duration":1,"failureDetails":[],"failureMessages":[],"fullName":"dateFormulaParser parseDateFormula — duration units today-1w → −1 week","invocations":1,"location":null,"numPassingAsserts":2,"retryReasons":[],"status":"passed","title":"today-1w → −1 week"},{"ancestorTitles":["dateFormulaParser","parseDateFormula — duration units"],"duration":0,"failureDetails":[],"failureMessages":[],"fullName":"dateFormulaParser parseDateFormula — duration units today+2w → 2 weeks","invocations":1,"location":null,"numPassingAsserts":2,"retryReasons":[],"status":"passed","title":"today+2w → 2 weeks"},{"ancestorTitles":["dateFormulaParser","parseDateFormula — duration units"],"duration":1,"failureDetails":[],"failureMessages":[],"fullName":"dateFormulaParser parseDateFormula — duration units today+1m → 1 month","invocations":1,"location":null,"numPassingAsserts":2,"retryReasons":[],"status":"passed","title":"today+1m → 1 month"},{"ancestorTitles":["dateFormulaParser","parseDateFormula — duration units"],"duration":1,"failureDetails":[],"failureMessages":[],"fullName":"dateFormulaParser parseDateFormula — duration units today-1m → −1 month","invocations":1,"location":null,"numPassingAsserts":2,"retryReasons":[],"status":"passed","title":"today-1m → −1 month"},{"ancestorTitles":["dateFormulaParser","parseDateFormula — duration units"],"duration":1,"failureDetails":[],"failureMessages":[],"fullName":"dateFormulaParser parseDateFormula — duration units today+1y → 1 year","invocations":1,"location":null,"numPassingAsserts":2,"retryReasons":[],"status":"passed","title":"today+1y → 1 year"},{"ancestorTitles":["dateFormulaParser","parseDateFormula — duration units"],"duration":1,"failureDetails":[],"failureMessages":[],"fullName":"dateFormulaParser parseDateFormula — duration units today-1y → −1 year","invocations":1,"location":null,"numPassingAsserts":2,"retryReasons":[],"status":"passed","title":"today-1y → −1 year"},{"ancestorTitles":["dateFormulaParser","parseDateFormula — duration units"],"duration":0,"failureDetails":[],"failureMessages":[],"fullName":"dateFormulaParser parseDateFormula — duration units som+1m → start of next month","invocations":1,"location":null,"numPassingAsserts":2,"retryReasons":[],"status":"passed","title":"som+1m → start of next month"},{"ancestorTitles":["dateFormulaParser","parseDateFormula — duration units"],"duration":1,"failureDetails":[],"failureMessages":[],"fullName":"dateFormulaParser parseDateFormula — duration units som-1m → start of previous month","invocations":1,"location":null,"numPassingAsserts":2,"retryReasons":[],"status":"passed","title":"som-1m → start of previous month"},{"ancestorTitles":["dateFormulaParser","parseDateFormula — duration units"],"duration":2,"failureDetails":[],"failureMessages":[],"fullName":"dateFormulaParser parseDateFormula — duration units sow+1w → start of next week","invocations":1,"location":null,"numPassingAsserts":2,"retryReasons":[],"status":"passed","title":"sow+1w → start of next week"},{"ancestorTitles":["dateFormulaParser","parseDateFormula — duration units"],"duration":1,"failureDetails":[],"failureMessages":[],"fullName":"dateFormulaParser parseDateFormula — duration units sow-1w → start of previous week","invocations":1,"location":null,"numPassingAsserts":2,"retryReasons":[],"status":"passed","title":"sow-1w → start of previous week"},{"ancestorTitles":["dateFormulaParser","parseDateFormula — case insensitivity"],"duration":1,"failureDetails":[],"failureMessages":[],"fullName":"dateFormulaParser parseDateFormula — case insensitivity TODAY works","invocations":1,"location":null,"numPassingAsserts":2,"retryReasons":[],"status":"passed","title":"TODAY works"},{"ancestorTitles":["dateFormulaParser","parseDateFormula — case insensitivity"],"duration":0,"failureDetails":[],"failureMessages":[],"fullName":"dateFormulaParser parseDateFormula — case insensitivity SOW works","invocations":1,"location":null,"numPassingAsserts":1,"retryReasons":[],"status":"passed","title":"SOW works"},{"ancestorTitles":["dateFormulaParser","parseDateFormula — case insensitivity"],"duration":1,"failureDetails":[],"failureMessages":[],"fullName":"dateFormulaParser parseDateFormula — case insensitivity Today+1W works","invocations":1,"location":null,"numPassingAsserts":2,"retryReasons":[],"status":"passed","title":"Today+1W works"},{"ancestorTitles":["dateFormulaParser","parseDateFormula — error cases"],"duration":1,"failureDetails":[],"failureMessages":[],"fullName":"dateFormulaParser parseDateFormula — error cases empty string → error","invocations":1,"location":null,"numPassingAsserts":2,"retryReasons":[],"status":"passed","title":"empty string → error"},{"ancestorTitles":["dateFormulaParser","parseDateFormula — error cases"],"duration":0,"failureDetails":[],"failureMessages":[],"fullName":"dateFormulaParser parseDateFormula — error cases unknown keyword → error","invocations":1,"location":null,"numPassingAsserts":2,"retryReasons":[],"status":"passed","title":"unknown keyword → error"},{"ancestorTitles":["dateFormulaParser","parseDateFormula — error cases"],"duration":0,"failureDetails":[],"failureMessages":[],"fullName":"dateFormulaParser parseDateFormula — error cases invalid syntax (special chars) → error","invocations":1,"location":null,"numPassingAsserts":1,"retryReasons":[],"status":"passed","title":"invalid syntax (special chars) → error"},{"ancestorTitles":["dateFormulaParser","parseDateFormula — error cases"],"duration":1,"failureDetails":[],"failureMessages":[],"fullName":"dateFormulaParser parseDateFormula — error cases without base date → uses current day","invocations":1,"location":null,"numPassingAsserts":2,"retryReasons":[],"status":"passed","title":"without base date → uses current day"},{"ancestorTitles":["dateFormulaParser","isDateFormula"],"duration":0,"failureDetails":[],"failureMessages":[],"fullName":"dateFormulaParser isDateFormula \"today\" → true","invocations":1,"location":null,"numPassingAsserts":1,"retryReasons":[],"status":"passed","title":"\"today\" → true"},{"ancestorTitles":["dateFormulaParser","isDateFormula"],"duration":1,"failureDetails":[],"failureMessages":[],"fullName":"dateFormulaParser isDateFormula \"TODAY\" → true","invocations":1,"location":null,"numPassingAsserts":1,"retryReasons":[],"status":"passed","title":"\"TODAY\" → true"},{"ancestorTitles":["dateFormulaParser","isDateFormula"],"duration":0,"failureDetails":[],"failureMessages":[],"fullName":"dateFormulaParser isDateFormula \"Tomorrow\" → true","invocations":1,"location":null,"numPassingAsserts":1,"retryReasons":[],"status":"passed","title":"\"Tomorrow\" → true"},{"ancestorTitles":["dateFormulaParser","isDateFormula"],"duration":0,"failureDetails":[],"failureMessages":[],"fullName":"dateFormulaParser isDateFormula \"yesterday\" → true","invocations":1,"location":null,"numPassingAsserts":1,"retryReasons":[],"status":"passed","title":"\"yesterday\" → true"},{"ancestorTitles":["dateFormulaParser","isDateFormula"],"duration":1,"failureDetails":[],"failureMessages":[],"fullName":"dateFormulaParser isDateFormula \"today+1\" → true","invocations":1,"location":null,"numPassingAsserts":1,"retryReasons":[],"status":"passed","title":"\"today+1\" → true"},{"ancestorTitles":["dateFormulaParser","isDateFormula"],"duration":0,"failureDetails":[],"failureMessages":[],"fullName":"dateFormulaParser isDateFormula \"today-7\" → true","invocations":1,"location":null,"numPassingAsserts":1,"retryReasons":[],"status":"passed","title":"\"today-7\" → true"},{"ancestorTitles":["dateFormulaParser","isDateFormula"],"duration":0,"failureDetails":[],"failureMessages":[],"fullName":"dateFormulaParser isDateFormula \"today+1w\" → true","invocations":1,"location":null,"numPassingAsserts":1,"retryReasons":[],"status":"passed","title":"\"today+1w\" → true"},{"ancestorTitles":["dateFormulaParser","isDateFormula"],"duration":1,"failureDetails":[],"failureMessages":[],"fullName":"dateFormulaParser isDateFormula \"today+1m\" → true","invocations":1,"location":null,"numPassingAsserts":1,"retryReasons":[],"status":"passed","title":"\"today+1m\" → true"},{"ancestorTitles":["dateFormulaParser","isDateFormula"],"duration":0,"failureDetails":[],"failureMessages":[],"fullName":"dateFormulaParser isDateFormula \"sow\" → true","invocations":1,"location":null,"numPassingAsserts":1,"retryReasons":[],"status":"passed","title":"\"sow\" → true"},{"ancestorTitles":["dateFormulaParser","isDateFormula"],"duration":0,"failureDetails":[],"failureMessages":[],"fullName":"dateFormulaParser isDateFormula \"eow\" → true","invocations":1,"location":null,"numPassingAsserts":1,"retryReasons":[],"status":"passed","title":"\"eow\" → true"},{"ancestorTitles":["dateFormulaParser","isDateFormula"],"duration":1,"failureDetails":[],"failureMessages":[],"fullName":"dateFormulaParser isDateFormula \"som\" → true","invocations":1,"location":null,"numPassingAsserts":1,"retryReasons":[],"status":"passed","title":"\"som\" → true"},{"ancestorTitles":["dateFormulaParser","isDateFormula"],"duration":8,"failureDetails":[],"failureMessages":[],"fullName":"dateFormulaParser isDateFormula \"eom\" → true","invocations":1,"location":null,"numPassingAsserts":1,"retryReasons":[],"status":"passed","title":"\"eom\" → true"},{"ancestorTitles":["dateFormulaParser","isDateFormula"],"duration":1,"failureDetails":[],"failureMessages":[],"fullName":"dateFormulaParser isDateFormula \"soy\" → true","invocations":1,"location":null,"numPassingAsserts":1,"retryReasons":[],"status":"passed","title":"\"soy\" → true"},{"ancestorTitles":["dateFormulaParser","isDateFormula"],"duration":0,"failureDetails":[],"failureMessages":[],"fullName":"dateFormulaParser isDateFormula \"eoy\" → true","invocations":1,"location":null,"numPassingAsserts":1,"retryReasons":[],"status":"passed","title":"\"eoy\" → true"},{"ancestorTitles":["dateFormulaParser","isDateFormula"],"duration":0,"failureDetails":[],"failureMessages":[],"fullName":"dateFormulaParser isDateFormula \"sow+1w\" → true","invocations":1,"location":null,"numPassingAsserts":1,"retryReasons":[],"status":"passed","title":"\"sow+1w\" → true"},{"ancestorTitles":["dateFormulaParser","isDateFormula"],"duration":0,"failureDetails":[],"failureMessages":[],"fullName":"dateFormulaParser isDateFormula \"eom-1d\" → true","invocations":1,"location":null,"numPassingAsserts":1,"retryReasons":[],"status":"passed","title":"\"eom-1d\" → true"},{"ancestorTitles":["dateFormulaParser","isDateFormula"],"duration":1,"failureDetails":[],"failureMessages":[],"fullName":"dateFormulaParser isDateFormula \"week_start\" → true","invocations":1,"location":null,"numPassingAsserts":1,"retryReasons":[],"status":"passed","title":"\"week_start\" → true"},{"ancestorTitles":["dateFormulaParser","isDateFormula"],"duration":0,"failureDetails":[],"failureMessages":[],"fullName":"dateFormulaParser isDateFormula \"week_end\" → true","invocations":1,"location":null,"numPassingAsserts":1,"retryReasons":[],"status":"passed","title":"\"week_end\" → true"},{"ancestorTitles":["dateFormulaParser","isDateFormula"],"duration":0,"failureDetails":[],"failureMessages":[],"fullName":"dateFormulaParser isDateFormula \"month_start\" → true","invocations":1,"location":null,"numPassingAsserts":1,"retryReasons":[],"status":"passed","title":"\"month_start\" → true"},{"ancestorTitles":["dateFormulaParser","isDateFormula"],"duration":1,"failureDetails":[],"failureMessages":[],"fullName":"dateFormulaParser isDateFormula \"month_end\" → true","invocations":1,"location":null,"numPassingAsserts":1,"retryReasons":[],"status":"passed","title":"\"month_end\" → true"},{"ancestorTitles":["dateFormulaParser","isDateFormula"],"duration":0,"failureDetails":[],"failureMessages":[],"fullName":"dateFormulaParser isDateFormula \"year_start\" → true","invocations":1,"location":null,"numPassingAsserts":1,"retryReasons":[],"status":"passed","title":"\"year_start\" → true"},{"ancestorTitles":["dateFormulaParser","isDateFormula"],"duration":1,"failureDetails":[],"failureMessages":[],"fullName":"dateFormulaParser isDateFormula \"year_end\" → true","invocations":1,"location":null,"numPassingAsserts":1,"retryReasons":[],"status":"passed","title":"\"year_end\" → true"},{"ancestorTitles":["dateFormulaParser","isDateFormula"],"duration":1,"failureDetails":[],"failureMessages":[],"fullName":"dateFormulaParser isDateFormula \"weekstart\" → true","invocations":1,"location":null,"numPassingAsserts":1,"retryReasons":[],"status":"passed","title":"\"weekstart\" → true"},{"ancestorTitles":["dateFormulaParser","isDateFormula"],"duration":0,"failureDetails":[],"failureMessages":[],"fullName":"dateFormulaParser isDateFormula \"monthstart\" → true","invocations":1,"location":null,"numPassingAsserts":1,"retryReasons":[],"status":"passed","title":"\"monthstart\" → true"},{"ancestorTitles":["dateFormulaParser","isDateFormula"],"duration":1,"failureDetails":[],"failureMessages":[],"fullName":"dateFormulaParser isDateFormula \"yearstart\" → true","invocations":1,"location":null,"numPassingAsserts":1,"retryReasons":[],"status":"passed","title":"\"yearstart\" → true"},{"ancestorTitles":["dateFormulaParser","isDateFormula"],"duration":1,"failureDetails":[],"failureMessages":[],"fullName":"dateFormulaParser isDateFormula \"\" → false","invocations":1,"location":null,"numPassingAsserts":1,"retryReasons":[],"status":"passed","title":"\"\" → false"},{"ancestorTitles":["dateFormulaParser","isDateFormula"],"duration":0,"failureDetails":[],"failureMessages":[],"fullName":"dateFormulaParser isDateFormula \"2026-02-07\" → false","invocations":1,"location":null,"numPassingAsserts":1,"retryReasons":[],"status":"passed","title":"\"2026-02-07\" → false"},{"ancestorTitles":["dateFormulaParser","isDateFormula"],"duration":1,"failureDetails":[],"failureMessages":[],"fullName":"dateFormulaParser isDateFormula \"some text\" → false","invocations":1,"location":null,"numPassingAsserts":1,"retryReasons":[],"status":"passed","title":"\"some text\" → false"},{"ancestorTitles":["dateFormulaParser","isDateFormula"],"duration":0,"failureDetails":[],"failureMessages":[],"fullName":"dateFormulaParser isDateFormula \"hello+1\" → false","invocations":1,"location":null,"numPassingAsserts":1,"retryReasons":[],"status":"passed","title":"\"hello+1\" → false"},{"ancestorTitles":["dateFormulaParser","isDateFormula"],"duration":1,"failureDetails":[],"failureMessages":[],"fullName":"dateFormulaParser isDateFormula \"date\" → false","invocations":1,"location":null,"numPassingAsserts":1,"retryReasons":[],"status":"passed","title":"\"date\" → false"},{"ancestorTitles":["dateFormulaParser","isDateFormula"],"duration":0,"failureDetails":[],"failureMessages":[],"fullName":"dateFormulaParser isDateFormula \"123\" → false","invocations":1,"location":null,"numPassingAsserts":1,"retryReasons":[],"status":"passed","title":"\"123\" → false"},{"ancestorTitles":["dateFormulaParser","isDateFormula"],"duration":0,"failureDetails":[],"failureMessages":[],"fullName":"dateFormulaParser isDateFormula \"next_week\" → false","invocations":1,"location":null,"numPassingAsserts":1,"retryReasons":[],"status":"passed","title":"\"next_week\" → false"},{"ancestorTitles":["dateFormulaParser","isDateFormula"],"duration":0,"failureDetails":[],"failureMessages":[],"fullName":"dateFormulaParser isDateFormula \"last_month\" → false","invocations":1,"location":null,"numPassingAsserts":1,"retryReasons":[],"status":"passed","title":"\"last_month\" → false"},{"ancestorTitles":["dateFormulaParser","getDateFormulaSuggestions"],"duration":5,"failureDetails":[],"failureMessages":[],"fullName":"dateFormulaParser getDateFormulaSuggestions returns non-empty array","invocations":1,"location":null,"numPassingAsserts":1,"retryReasons":[],"status":"passed","title":"returns non-empty array"},{"ancestorTitles":["dateFormulaParser","getDateFormulaSuggestions"],"duration":1,"failureDetails":[],"failureMessages":[],"fullName":"dateFormulaParser getDateFormulaSuggestions includes DQL abbreviations (sow, eow, som, eom)","invocations":1,"location":null,"numPassingAsserts":6,"retryReasons":[],"status":"passed","title":"includes DQL abbreviations (sow, eow, som, eom)"},{"ancestorTitles":["dateFormulaParser","getDateFormulaSuggestions"],"duration":1,"failureDetails":[],"failureMessages":[],"fullName":"dateFormulaParser getDateFormulaSuggestions includes today and relative formulas","invocations":1,"location":null,"numPassingAsserts":3,"retryReasons":[],"status":"passed","title":"includes today and relative formulas"},{"ancestorTitles":["dateFormulaParser","getDateFormulaSuggestions"],"duration":0,"failureDetails":[],"failureMessages":[],"fullName":"dateFormulaParser getDateFormulaSuggestions includes duration unit formulas","invocations":1,"location":null,"numPassingAsserts":3,"retryReasons":[],"status":"passed","title":"includes duration unit formulas"},{"ancestorTitles":["dateFormulaParser","getDateFormulaSuggestions"],"duration":10,"failureDetails":[],"failureMessages":[],"fullName":"dateFormulaParser getDateFormulaSuggestions each suggestion has required fields","invocations":1,"location":null,"numPassingAsserts":75,"retryReasons":[],"status":"passed","title":"each suggestion has required fields"},{"ancestorTitles":["dateFormulaParser","getDateFormulaSuggestions"],"duration":4,"failureDetails":[],"failureMessages":[],"fullName":"dateFormulaParser getDateFormulaSuggestions every suggested formula is parseable","invocations":1,"location":null,"numPassingAsserts":15,"retryReasons":[],"status":"passed","title":"every suggested formula is parseable"},{"ancestorTitles":["dateFormulaParser","testDateFormula"],"duration":1,"failureDetails":[],"failureMessages":[],"fullName":"dateFormulaParser testDateFormula valid formula → shows ✓ and date","invocations":1,"location":null,"numPassingAsserts":2,"retryReasons":[],"status":"passed","title":"valid formula → shows ✓ and date"},{"ancestorTitles":["dateFormulaParser","testDateFormula"],"duration":0,"failureDetails":[],"failureMessages":[],"fullName":"dateFormulaParser testDateFormula invalid formula → shows ❌","invocations":1,"location":null,"numPassingAsserts":1,"retryReasons":[],"status":"passed","title":"invalid formula → shows ❌"},{"ancestorTitles":["dateFormulaParser","testDateFormula"],"duration":0,"failureDetails":[],"failureMessages":[],"fullName":"dateFormulaParser testDateFormula DQL formula sow → success","invocations":1,"location":null,"numPassingAsserts":1,"retryReasons":[],"status":"passed","title":"DQL formula sow → success"},{"ancestorTitles":["dateFormulaParser","testDateFormula"],"duration":1,"failureDetails":[],"failureMessages":[],"fullName":"dateFormulaParser testDateFormula duration offset today+1w → success","invocations":1,"location":null,"numPassingAsserts":1,"retryReasons":[],"status":"passed","title":"duration offset today+1w → success"}],"endTime":1776881275678,"message":"","name":"C:\\Users\\Park\\OBSv1.0\\obs-projects-plus\\src\\lib\\helpers\\dateFormulaParser.test.ts","startTime":1776881275345,"status":"passed","summary":""},{"assertionResults":[{"ancestorTitles":["executeTransform — UNPIVOT"],"duration":3,"failureDetails":[],"failureMessages":[],"fullName":"executeTransform — UNPIVOT unpivots wide frame into long format","invocations":1,"location":null,"numPassingAsserts":3,"retryReasons":[],"status":"passed","title":"unpivots wide frame into long format"},{"ancestorTitles":["executeTransform — UNPIVOT"],"duration":1,"failureDetails":[],"failureMessages":[],"fullName":"executeTransform — UNPIVOT keep fields are preserved","invocations":1,"location":null,"numPassingAsserts":6,"retryReasons":[],"status":"passed","title":"keep fields are preserved"},{"ancestorTitles":["executeTransform — UNPIVOT"],"duration":4,"failureDetails":[],"failureMessages":[],"fullName":"executeTransform — UNPIVOT output fields are created from group names","invocations":1,"location":null,"numPassingAsserts":6,"retryReasons":[],"status":"passed","title":"output fields are created from group names"},{"ancestorTitles":["executeTransform — UNPIVOT"],"duration":2,"failureDetails":[],"failureMessages":[],"fullName":"executeTransform — UNPIVOT record IDs include source + index","invocations":1,"location":null,"numPassingAsserts":3,"retryReasons":[],"status":"passed","title":"record IDs include source + index"},{"ancestorTitles":["executeTransform — UNPIVOT"],"duration":2,"failureDetails":[],"failureMessages":[],"fullName":"executeTransform — UNPIVOT empty groups are skipped","invocations":1,"location":null,"numPassingAsserts":1,"retryReasons":[],"status":"passed","title":"empty groups are skipped"},{"ancestorTitles":["executeTransform — UNPIVOT"],"duration":1,"failureDetails":[],"failureMessages":[],"fullName":"executeTransform — UNPIVOT returns unchanged frame when no fields match","invocations":1,"location":null,"numPassingAsserts":2,"retryReasons":[],"status":"passed","title":"returns unchanged frame when no fields match"},{"ancestorTitles":["executeTransform — UNPIVOT"],"duration":2,"failureDetails":[],"failureMessages":[],"fullName":"executeTransform — UNPIVOT derived fields are identified","invocations":1,"location":null,"numPassingAsserts":7,"retryReasons":[],"status":"passed","title":"derived fields are identified"},{"ancestorTitles":["executeTransform — COMPUTE"],"duration":8,"failureDetails":[],"failureMessages":[],"fullName":"executeTransform — COMPUTE computes simple multiplication","invocations":1,"location":null,"numPassingAsserts":2,"retryReasons":[],"status":"passed","title":"computes simple multiplication"},{"ancestorTitles":["executeTransform — COMPUTE"],"duration":1,"failureDetails":[],"failureMessages":[],"fullName":"executeTransform — COMPUTE computes addition and subtraction","invocations":1,"location":null,"numPassingAsserts":2,"retryReasons":[],"status":"passed","title":"computes addition and subtraction"},{"ancestorTitles":["executeTransform — COMPUTE"],"duration":2,"failureDetails":[],"failureMessages":[],"fullName":"executeTransform — COMPUTE respects operator precedence (* before +)","invocations":1,"location":null,"numPassingAsserts":1,"retryReasons":[],"status":"passed","title":"respects operator precedence (* before +)"},{"ancestorTitles":["executeTransform — COMPUTE"],"duration":2,"failureDetails":[],"failureMessages":[],"fullName":"executeTransform — COMPUTE division by zero returns null","invocations":1,"location":null,"numPassingAsserts":1,"retryReasons":[],"status":"passed","title":"division by zero returns null"},{"ancestorTitles":["executeTransform — COMPUTE"],"duration":1,"failureDetails":[],"failureMessages":[],"fullName":"executeTransform — COMPUTE adds computed field to fields array","invocations":1,"location":null,"numPassingAsserts":2,"retryReasons":[],"status":"passed","title":"adds computed field to fields array"},{"ancestorTitles":["executeTransform — UNPIVOT → COMPUTE pipeline"],"duration":5,"failureDetails":[],"failureMessages":[],"fullName":"executeTransform — UNPIVOT → COMPUTE pipeline chains unpivot then compute","invocations":1,"location":null,"numPassingAsserts":1,"retryReasons":[],"status":"passed","title":"chains unpivot then compute"},{"ancestorTitles":["evaluateExpression"],"duration":1,"failureDetails":[],"failureMessages":[],"fullName":"evaluateExpression simple addition","invocations":1,"location":null,"numPassingAsserts":1,"retryReasons":[],"status":"passed","title":"simple addition"},{"ancestorTitles":["evaluateExpression"],"duration":1,"failureDetails":[],"failureMessages":[],"fullName":"evaluateExpression simple multiplication","invocations":1,"location":null,"numPassingAsserts":1,"retryReasons":[],"status":"passed","title":"simple multiplication"},{"ancestorTitles":["evaluateExpression"],"duration":1,"failureDetails":[],"failureMessages":[],"fullName":"evaluateExpression mixed operators with precedence","invocations":1,"location":null,"numPassingAsserts":1,"retryReasons":[],"status":"passed","title":"mixed operators with precedence"},{"ancestorTitles":["evaluateExpression"],"duration":1,"failureDetails":[],"failureMessages":[],"fullName":"evaluateExpression numeric literals","invocations":1,"location":null,"numPassingAsserts":1,"retryReasons":[],"status":"passed","title":"numeric literals"},{"ancestorTitles":["evaluateExpression"],"duration":2,"failureDetails":[],"failureMessages":[],"fullName":"evaluateExpression string number values are parsed","invocations":1,"location":null,"numPassingAsserts":1,"retryReasons":[],"status":"passed","title":"string number values are parsed"},{"ancestorTitles":["evaluateExpression"],"duration":1,"failureDetails":[],"failureMessages":[],"fullName":"evaluateExpression undefined field returns null","invocations":1,"location":null,"numPassingAsserts":1,"retryReasons":[],"status":"passed","title":"undefined field returns null"},{"ancestorTitles":["evaluateExpression"],"duration":0,"failureDetails":[],"failureMessages":[],"fullName":"evaluateExpression empty expression returns null","invocations":1,"location":null,"numPassingAsserts":1,"retryReasons":[],"status":"passed","title":"empty expression returns null"},{"ancestorTitles":["evaluateExpression"],"duration":0,"failureDetails":[],"failureMessages":[],"fullName":"evaluateExpression division by zero returns null","invocations":1,"location":null,"numPassingAsserts":1,"retryReasons":[],"status":"passed","title":"division by zero returns null"},{"ancestorTitles":["executeTransform — step order validation"],"duration":1,"failureDetails":[],"failureMessages":[],"fullName":"executeTransform — step order validation warns on out-of-order steps","invocations":1,"location":null,"numPassingAsserts":1,"retryReasons":[],"status":"passed","title":"warns on out-of-order steps"},{"ancestorTitles":["executeTransform — step order validation"],"duration":7,"failureDetails":[],"failureMessages":[],"fullName":"executeTransform — step order validation no warning for correct order","invocations":1,"location":null,"numPassingAsserts":1,"retryReasons":[],"status":"passed","title":"no warning for correct order"},{"ancestorTitles":["executeTransform — regex safety"],"duration":1,"failureDetails":[],"failureMessages":[],"fullName":"executeTransform — regex safety rejects lookbehind patterns","invocations":1,"location":null,"numPassingAsserts":1,"retryReasons":[],"status":"passed","title":"rejects lookbehind patterns"},{"ancestorTitles":["executeTransform — FILTER"],"duration":1,"failureDetails":[],"failureMessages":[],"fullName":"executeTransform — FILTER filters records by string equality","invocations":1,"location":null,"numPassingAsserts":2,"retryReasons":[],"status":"passed","title":"filters records by string equality"},{"ancestorTitles":["executeTransform — FILTER"],"duration":1,"failureDetails":[],"failureMessages":[],"fullName":"executeTransform — FILTER empty filter returns all records with warning","invocations":1,"location":null,"numPassingAsserts":2,"retryReasons":[],"status":"passed","title":"empty filter returns all records with warning"},{"ancestorTitles":["executeTransform — FILTER"],"duration":1,"failureDetails":[],"failureMessages":[],"fullName":"executeTransform — FILTER filters by number comparison","invocations":1,"location":null,"numPassingAsserts":2,"retryReasons":[],"status":"passed","title":"filters by number comparison"},{"ancestorTitles":["executeTransform — GROUP BY"],"duration":3,"failureDetails":[],"failureMessages":[],"fullName":"executeTransform — GROUP BY groups records by field","invocations":1,"location":null,"numPassingAsserts":5,"retryReasons":[],"status":"passed","title":"groups records by field"},{"ancestorTitles":["executeTransform — GROUP BY"],"duration":1,"failureDetails":[],"failureMessages":[],"fullName":"executeTransform — GROUP BY carries non-group fields as arrays","invocations":1,"location":null,"numPassingAsserts":3,"retryReasons":[],"status":"passed","title":"carries non-group fields as arrays"},{"ancestorTitles":["executeTransform — GROUP BY"],"duration":1,"failureDetails":[],"failureMessages":[],"fullName":"executeTransform — GROUP BY empty fields returns warning","invocations":1,"location":null,"numPassingAsserts":2,"retryReasons":[],"status":"passed","title":"empty fields returns warning"},{"ancestorTitles":["executeTransform — GROUP BY"],"duration":3,"failureDetails":[],"failureMessages":[],"fullName":"executeTransform — GROUP BY date grouping by month","invocations":1,"location":null,"numPassingAsserts":3,"retryReasons":[],"status":"passed","title":"date grouping by month"},{"ancestorTitles":["executeTransform — AGGREGATE"],"duration":1,"failureDetails":[],"failureMessages":[],"fullName":"executeTransform — AGGREGATE SUM on grouped array","invocations":1,"location":null,"numPassingAsserts":1,"retryReasons":[],"status":"passed","title":"SUM on grouped array"},{"ancestorTitles":["executeTransform — AGGREGATE"],"duration":0,"failureDetails":[],"failureMessages":[],"fullName":"executeTransform — AGGREGATE AVG on grouped array","invocations":1,"location":null,"numPassingAsserts":1,"retryReasons":[],"status":"passed","title":"AVG on grouped array"},{"ancestorTitles":["executeTransform — AGGREGATE"],"duration":1,"failureDetails":[],"failureMessages":[],"fullName":"executeTransform — AGGREGATE MEDIAN on grouped array","invocations":1,"location":null,"numPassingAsserts":1,"retryReasons":[],"status":"passed","title":"MEDIAN on grouped array"},{"ancestorTitles":["executeTransform — AGGREGATE"],"duration":1,"failureDetails":[],"failureMessages":[],"fullName":"executeTransform — AGGREGATE COUNT_DISTINCT on grouped array","invocations":1,"location":null,"numPassingAsserts":1,"retryReasons":[],"status":"passed","title":"COUNT_DISTINCT on grouped array"},{"ancestorTitles":["executeTransform — AGGREGATE"],"duration":12,"failureDetails":[],"failureMessages":[],"fullName":"executeTransform — AGGREGATE MIN, MAX, RANGE on grouped array","invocations":1,"location":null,"numPassingAsserts":3,"retryReasons":[],"status":"passed","title":"MIN, MAX, RANGE on grouped array"},{"ancestorTitles":["executeTransform — AGGREGATE"],"duration":1,"failureDetails":[],"failureMessages":[],"fullName":"executeTransform — AGGREGATE empty columns returns warning","invocations":1,"location":null,"numPassingAsserts":1,"retryReasons":[],"status":"passed","title":"empty columns returns warning"},{"ancestorTitles":["transformExecutor — unnest"],"duration":2,"failureDetails":[],"failureMessages":[],"fullName":"transformExecutor — unnest unnest array of objects → one row per element","invocations":1,"location":null,"numPassingAsserts":12,"retryReasons":[],"status":"passed","title":"unnest array of objects → one row per element"},{"ancestorTitles":["transformExecutor — unnest"],"duration":1,"failureDetails":[],"failureMessages":[],"fullName":"transformExecutor — unnest unnest removes source field by default","invocations":1,"location":null,"numPassingAsserts":3,"retryReasons":[],"status":"passed","title":"unnest removes source field by default"},{"ancestorTitles":["transformExecutor — unnest"],"duration":1,"failureDetails":[],"failureMessages":[],"fullName":"transformExecutor — unnest keepOriginal preserves source field","invocations":1,"location":null,"numPassingAsserts":1,"retryReasons":[],"status":"passed","title":"keepOriginal preserves source field"},{"ancestorTitles":["transformExecutor — unnest"],"duration":2,"failureDetails":[],"failureMessages":[],"fullName":"transformExecutor — unnest prefix prepends to extracted field names","invocations":1,"location":null,"numPassingAsserts":3,"retryReasons":[],"status":"passed","title":"prefix prepends to extracted field names"},{"ancestorTitles":["transformExecutor — unnest"],"duration":10,"failureDetails":[],"failureMessages":[],"fullName":"transformExecutor — unnest fields filter picks only specified keys","invocations":1,"location":null,"numPassingAsserts":5,"retryReasons":[],"status":"passed","title":"fields filter picks only specified keys"},{"ancestorTitles":["transformExecutor — unnest"],"duration":2,"failureDetails":[],"failureMessages":[],"fullName":"transformExecutor — unnest empty array field → one row with null nested fields","invocations":1,"location":null,"numPassingAsserts":3,"retryReasons":[],"status":"passed","title":"empty array field → one row with null nested fields"},{"ancestorTitles":["transformExecutor — unnest"],"duration":1,"failureDetails":[],"failureMessages":[],"fullName":"transformExecutor — unnest flat array → _value column","invocations":1,"location":null,"numPassingAsserts":4,"retryReasons":[],"status":"passed","title":"flat array → _value column"},{"ancestorTitles":["transformExecutor — unnest"],"duration":0,"failureDetails":[],"failureMessages":[],"fullName":"transformExecutor — unnest non-array field → pass through unchanged","invocations":1,"location":null,"numPassingAsserts":2,"retryReasons":[],"status":"passed","title":"non-array field → pass through unchanged"},{"ancestorTitles":["transformExecutor — unnest"],"duration":1,"failureDetails":[],"failureMessages":[],"fullName":"transformExecutor — unnest unnest + compute pipeline","invocations":1,"location":null,"numPassingAsserts":3,"retryReasons":[],"status":"passed","title":"unnest + compute pipeline"}],"endTime":1776881275699,"message":"","name":"C:\\Users\\Park\\OBSv1.0\\obs-projects-plus\\src\\ui\\views\\Database\\engine\\transformExecutor.test.ts","startTime":1776881275229,"status":"passed","summary":""},{"assertionResults":[{"ancestorTitles":["buildChartPipeline"],"duration":2,"failureDetails":[],"failureMessages":[],"fullName":"buildChartPipeline generates pipeline with group-by step for count","invocations":1,"location":null,"numPassingAsserts":2,"retryReasons":[],"status":"passed","title":"generates pipeline with group-by step for count"},{"ancestorTitles":["buildChartPipeline"],"duration":10,"failureDetails":[],"failureMessages":[],"fullName":"buildChartPipeline group-by uses xAxis property","invocations":1,"location":null,"numPassingAsserts":1,"retryReasons":[],"status":"passed","title":"group-by uses xAxis property"},{"ancestorTitles":["buildChartPipeline"],"duration":1,"failureDetails":[],"failureMessages":[],"fullName":"buildChartPipeline generates pipeline with aggregate step for non-count","invocations":1,"location":null,"numPassingAsserts":3,"retryReasons":[],"status":"passed","title":"generates pipeline with aggregate step for non-count"},{"ancestorTitles":["buildChartPipeline"],"duration":1,"failureDetails":[],"failureMessages":[],"fullName":"buildChartPipeline sum aggregation maps correctly","invocations":1,"location":null,"numPassingAsserts":3,"retryReasons":[],"status":"passed","title":"sum aggregation maps correctly"},{"ancestorTitles":["computeChartData"],"duration":24,"failureDetails":[],"failureMessages":[],"fullName":"computeChartData returns labels and series","invocations":1,"location":null,"numPassingAsserts":3,"retryReasons":[],"status":"passed","title":"returns labels and series"},{"ancestorTitles":["computeChartData"],"duration":1,"failureDetails":[],"failureMessages":[],"fullName":"computeChartData count aggregation returns correct groups","invocations":1,"location":null,"numPassingAsserts":2,"retryReasons":[],"status":"passed","title":"count aggregation returns correct groups"},{"ancestorTitles":["computeChartData"],"duration":3,"failureDetails":[],"failureMessages":[],"fullName":"computeChartData sortBy value sorts by aggregated value","invocations":1,"location":null,"numPassingAsserts":2,"retryReasons":[],"status":"passed","title":"sortBy value sorts by aggregated value"},{"ancestorTitles":["computeChartData"],"duration":4,"failureDetails":[],"failureMessages":[],"fullName":"computeChartData omitZero filters out zero/null values","invocations":1,"location":null,"numPassingAsserts":1,"retryReasons":[],"status":"passed","title":"omitZero filters out zero/null values"},{"ancestorTitles":["computeChartData"],"duration":1,"failureDetails":[],"failureMessages":[],"fullName":"computeChartData hiddenGroups excludes specified labels","invocations":1,"location":n
[...]
ig identifies formula config"},{"ancestorTitles":["fieldTypes — type guards"],"duration":1,"failureDetails":[],"failureMessages":[],"fullName":"fieldTypes — type guards type guards return false for null/undefined","invocations":1,"location":null,"numPassingAsserts":3,"retryReasons":[],"status":"passed","title":"type guards return false for null/undefined"},{"ancestorTitles":["fieldTypes — type guards"],"duration":1,"failureDetails":[],"failureMessages":[],"fullName":"fieldTypes — type guards type guards return false for plain objects","invocations":1,"location":null,"numPassingAsserts":2,"retryReasons":[],"status":"passed","title":"type guards return false for plain objects"},{"ancestorTitles":["fieldTypes — getOptionColor"],"duration":1,"failureDetails":[],"failureMessages":[],"fullName":"fieldTypes — getOptionColor returns color for known select option","invocations":1,"location":null,"numPassingAsserts":2,"retryReasons":[],"status":"passed","title":"returns color for known select option"},{"ancestorTitles":["fieldTypes — getOptionColor"],"duration":0,"failureDetails":[],"failureMessages":[],"fullName":"fieldTypes — getOptionColor returns null for unknown select option","invocations":1,"location":null,"numPassingAsserts":1,"retryReasons":[],"status":"passed","title":"returns null for unknown select option"},{"ancestorTitles":["fieldTypes — getOptionColor"],"duration":1,"failureDetails":[],"failureMessages":[],"fullName":"fieldTypes — getOptionColor returns color for status group","invocations":1,"location":null,"numPassingAsserts":1,"retryReasons":[],"status":"passed","title":"returns color for status group"},{"ancestorTitles":["fieldTypes — getOptionColor"],"duration":1,"failureDetails":[],"failureMessages":[],"fullName":"fieldTypes — getOptionColor returns null for unknown status","invocations":1,"location":null,"numPassingAsserts":1,"retryReasons":[],"status":"passed","title":"returns null for unknown status"},{"ancestorTitles":["fieldTypes — defaults"],"duration":3,"failureDetails":[],"failureMessages":[],"fullName":"fieldTypes — defaults DEFAULT_STATUS_GROUPS has 3 groups","invocations":1,"location":null,"numPassingAsserts":2,"retryReasons":[],"status":"passed","title":"DEFAULT_STATUS_GROUPS has 3 groups"},{"ancestorTitles":["fieldTypes — defaults"],"duration":0,"failureDetails":[],"failureMessages":[],"fullName":"fieldTypes — defaults DEFAULT_SELECT_COLORS has 8 colors","invocations":1,"location":null,"numPassingAsserts":1,"retryReasons":[],"status":"passed","title":"DEFAULT_SELECT_COLORS has 8 colors"}],"endTime":1776881279585,"message":"","name":"C:\\Users\\Park\\OBSv1.0\\obs-projects-plus\\src\\ui\\views\\Database\\__tests__\\fieldTypes.test.ts","startTime":1776881279407,"status":"passed","summary":""},{"assertionResults":[{"ancestorTitles":["mergeDataFrames"],"duration":2,"failureDetails":[],"failureMessages":[],"fullName":"mergeDataFrames returns empty frame for empty input","invocations":1,"location":null,"numPassingAsserts":2,"retryReasons":[],"status":"passed","title":"returns empty frame for empty input"},{"ancestorTitles":["mergeDataFrames"],"duration":1,"failureDetails":[],"failureMessages":[],"fullName":"mergeDataFrames returns the single frame unchanged","invocations":1,"location":null,"numPassingAsserts":1,"retryReasons":[],"status":"passed","title":"returns the single frame unchanged"},{"ancestorTitles":["mergeDataFrames"],"duration":1,"failureDetails":[],"failureMessages":[],"fullName":"mergeDataFrames unions fields by name, first occurrence wins type","invocations":1,"location":null,"numPassingAsserts":3,"retryReasons":[],"status":"passed","title":"unions fields by name, first occurrence wins type"},{"ancestorTitles":["mergeDataFrames"],"duration":1,"failureDetails":[],"failureMessages":[],"fullName":"mergeDataFrames concatenates records from multiple frames","invocations":1,"location":null,"numPassingAsserts":2,"retryReasons":[],"status":"passed","title":"concatenates records from multiple frames"},{"ancestorTitles":["mergeDataFrames"],"duration":3,"failureDetails":[],"failureMessages":[],"fullName":"mergeDataFrames deduplicates records by id, first occurrence wins","invocations":1,"location":null,"numPassingAsserts":2,"retryReasons":[],"status":"passed","title":"deduplicates records by id, first occurrence wins"},{"ancestorTitles":["mergeDataFrames"],"duration":2,"failureDetails":[],"failureMessages":[],"fullName":"mergeDataFrames merges three frames correctly","invocations":1,"location":null,"numPassingAsserts":2,"retryReasons":[],"status":"passed","title":"merges three frames correctly"},{"ancestorTitles":["mergeDataFrames"],"duration":1,"failureDetails":[],"failureMessages":[],"fullName":"mergeDataFrames handles frames with no fields","invocations":1,"location":null,"numPassingAsserts":2,"retryReasons":[],"status":"passed","title":"handles frames with no fields"},{"ancestorTitles":["mergeDataFrames"],"duration":1,"failureDetails":[],"failureMessages":[],"fullName":"mergeDataFrames handles frames with no records","invocations":1,"location":null,"numPassingAsserts":2,"retryReasons":[],"status":"passed","title":"handles frames with no records"}],"endTime":1776881279632,"message":"","name":"C:\\Users\\Park\\OBSv1.0\\obs-projects-plus\\src\\lib\\datasources\\__tests__\\mergeFrames.test.ts","startTime":1776881279394,"status":"passed","summary":""},{"assertionResults":[{"ancestorTitles":["fieldPreset — snapshotFromTable"],"duration":3,"failureDetails":[],"failureMessages":[],"fullName":"fieldPreset — snapshotFromTable copies exactly the presettable keys","invocations":1,"location":null,"numPassingAsserts":1,"retryReasons":[],"status":"passed","title":"copies exactly the presettable keys"},{"ancestorTitles":["fieldPreset — snapshotFromTable"],"duration":1,"failureDetails":[],"failureMessages":[],"fullName":"fieldPreset — snapshotFromTable deep-clones nested arrays and objects (source immutable)","invocations":1,"location":null,"numPassingAsserts":2,"retryReasons":[],"status":"passed","title":"deep-clones nested arrays and objects (source immutable)"},{"ancestorTitles":["fieldPreset — snapshotFromTable"],"duration":1,"failureDetails":[],"failureMessages":[],"fullName":"fieldPreset — snapshotFromTable omits absent presettable keys rather than emitting undefined","invocations":1,"location":null,"numPassingAsserts":2,"retryReasons":[],"status":"passed","title":"omits absent presettable keys rather than emitting undefined"},{"ancestorTitles":["fieldPreset — applyPresetToTable"],"duration":2,"failureDetails":[],"failureMessages":[],"fullName":"fieldPreset — applyPresetToTable exact-layout semantics: keys absent in preset are cleared","invocations":1,"location":null,"numPassingAsserts":7,"retryReasons":[],"status":"passed","title":"exact-layout semantics: keys absent in preset are cleared"},{"ancestorTitles":["fieldPreset — applyPresetToTable"],"duration":1,"failureDetails":[],"failureMessages":[],"fullName":"fieldPreset — applyPresetToTable preserves non-presettable fields untouched","invocations":1,"location":null,"numPassingAsserts":6,"retryReasons":[],"status":"passed","title":"preserves non-presettable fields untouched"},{"ancestorTitles":["fieldPreset — applyPresetToTable"],"duration":4,"failureDetails":[],"failureMessages":[],"fullName":"fieldPreset — applyPresetToTable round-trip snapshot → apply reproduces presettable state","invocations":1,"location":null,"numPassingAsserts":7,"retryReasons":[],"status":"passed","title":"round-trip snapshot → apply reproduces presettable state"},{"ancestorTitles":["fieldPreset — applyPresetToTable"],"duration":0,"failureDetails":[],"failureMessages":[],"fullName":"fieldPreset — applyPresetToTable returned config is a new object (immutability)","invocations":1,"location":null,"numPassingAsserts":1,"retryReasons":[],"status":"passed","title":"returned config is a new object (immutability)"}],"endTime":1776881279637,"message":"","name":"C:\\Users\\Park\\OBSv1.0\\obs-projects-plus\\src\\ui\\views\\Database\\__tests__\\fieldPreset.test.ts","startTime":1776881279458,"status":"passed","summary":""},{"assertionResults":[{"ancestorTitles":["frontmatter"],"duration":1,"failureDetails":[],"failureMessages":[],"fullName":"frontmatter standardize","invocations":1,"location":null,"numPassingAsserts":1,"retryReasons":[],"status":"passed","title":"standardize"}],"endTime":1776881279800,"message":"","name":"C:\\Users\\Park\\OBSv1.0\\obs-projects-plus\\src\\lib\\datasources\\frontmatter\\standardize.test.ts","startTime":1776881279616,"status":"passed","summary":""},{"assertionResults":[{"ancestorTitles":["resolve v2"],"duration":1,"failureDetails":[],"failureMessages":[],"fullName":"resolve v2 resolves minimum","invocations":1,"location":null,"numPassingAsserts":1,"retryReasons":[],"status":"passed","title":"resolves minimum"},{"ancestorTitles":["resolve v2"],"duration":1,"failureDetails":[],"failureMessages":[],"fullName":"resolve v2 resolves an empty project with defaults","invocations":1,"location":null,"numPassingAsserts":1,"retryReasons":[],"status":"passed","title":"resolves an empty project with defaults"}],"endTime":1776881279824,"message":"","name":"C:\\Users\\Park\\OBSv1.0\\obs-projects-plus\\src\\settings\\v1\\settings.test.ts","startTime":1776881279652,"status":"passed","summary":""},{"assertionResults":[{"ancestorTitles":["extractWikiLinks"],"duration":2,"failureDetails":[],"failureMessages":[],"fullName":"extractWikiLinks should extract simple links","invocations":1,"location":null,"numPassingAsserts":1,"retryReasons":[],"status":"passed","title":"should extract simple links"},{"ancestorTitles":["extractWikiLinks"],"duration":1,"failureDetails":[],"failureMessages":[],"fullName":"extractWikiLinks should extract links with aliases","invocations":1,"location":null,"numPassingAsserts":1,"retryReasons":[],"status":"passed","title":"should extract links with aliases"},{"ancestorTitles":["extractWikiLinks"],"duration":1,"failureDetails":[],"failureMessages":[],"fullName":"extractWikiLinks should extract links with heading anchors","invocations":1,"location":null,"numPassingAsserts":1,"retryReasons":[],"status":"passed","title":"should extract links with heading anchors"},{"ancestorTitles":["extractWikiLinks"],"duration":0,"failureDetails":[],"failureMessages":[],"fullName":"extractWikiLinks should extract links with heading + alias","invocations":1,"location":null,"numPassingAsserts":1,"retryReasons":[],"status":"passed","title":"should extract links with heading + alias"},{"ancestorTitles":["extractWikiLinks"],"duration":1,"failureDetails":[],"failureMessages":[],"fullName":"extractWikiLinks should return empty for no links","invocations":1,"location":null,"numPassingAsserts":1,"retryReasons":[],"status":"passed","title":"should return empty for no links"},{"ancestorTitles":["extractWikiLinks"],"duration":0,"failureDetails":[],"failureMessages":[],"fullName":"extractWikiLinks should handle empty string","invocations":1,"location":null,"numPassingAsserts":1,"retryReasons":[],"status":"passed","title":"should handle empty string"},{"ancestorTitles":["extractWikiLinks"],"duration":0,"failureDetails":[],"failureMessages":[],"fullName":"extractWikiLinks should handle multiple links on same line","invocations":1,"location":null,"numPassingAsserts":1,"retryReasons":[],"status":"passed","title":"should handle multiple links on same line"},{"ancestorTitles":["extractWikiLinks"],"duration":1,"failureDetails":[],"failureMessages":[],"fullName":"extractWikiLinks should trim whitespace in link targets","invocations":1,"location":null,"numPassingAsserts":1,"retryReasons":[],"status":"passed","title":"should trim whitespace in link targets"},{"ancestorTitles":["resolveRelations"],"duration":2,"failureDetails":[],"failureMessages":[],"fullName":"resolveRelations should resolve existing links to records","invocations":1,"location":null,"numPassingAsserts":6,"retryReasons":[],"status":"passed","title":"should resolve existing links to records"},{"ancestorTitles":["resolveRelations"],"duration":1,"failureDetails":[],"failureMessages":[],"fullName":"resolveRelations should return undefined target for unresolved links","invocations":1,"location":null,"numPassingAsserts":3,"retryReasons":[],"status":"passed","title":"should return undefined target for unresolved links"},{"ancestorTitles":["resolveRelations"],"duration":0,"failureDetails":[],"failureMessages":[],"fullName":"resolveRelations should skip records with no links","invocations":1,"location":null,"numPassingAsserts":1,"retryReasons":[],"status":"passed","title":"should skip records with no links"},{"ancestorTitles":["resolveRelations"],"duration":1,"failureDetails":[],"failureMessages":[],"fullName":"resolveRelations should be case-insensitive when matching","invocations":1,"location":null,"numPassingAsserts":1,"retryReasons":[],"status":"passed","title":"should be case-insensitive when matching"},{"ancestorTitles":["getRelationTargets"],"duration":1,"failureDetails":[],"failureMessages":[],"fullName":"getRelationTargets should return array of target records","invocations":1,"location":null,"numPassingAsserts":2,"retryReasons":[],"status":"passed","title":"should return array of target records"},{"ancestorTitles":["getRelationTargets"],"duration":1,"failureDetails":[],"failureMessages":[],"fullName":"getRelationTargets should return empty array for no links","invocations":1,"location":null,"numPassingAsserts":1,"retryReasons":[],"status":"passed","title":"should return empty array for no links"},{"ancestorTitles":["getRelationTargets"],"duration":0,"failureDetails":[],"failureMessages":[],"fullName":"getRelationTargets should filter out unresolved links","invocations":1,"location":null,"numPassingAsserts":2,"retryReasons":[],"status":"passed","title":"should filter out unresolved links"}],"endTime":1776881279872,"message":"","name":"C:\\Users\\Park\\OBSv1.0\\obs-projects-plus\\src\\ui\\views\\Database\\engine\\relationResolver.test.ts","startTime":1776881279666,"status":"passed","summary":""},{"assertionResults":[{"ancestorTitles":["getDisplayName"],"duration":2,"failureDetails":[],"failureMessages":[],"fullName":"getDisplayName should return the basename without the extension","invocations":1,"location":null,"numPassingAsserts":3,"retryReasons":[],"status":"passed","title":"should return the basename without the extension"}],"endTime":1776881279995,"message":"","name":"C:\\Users\\Park\\OBSv1.0\\obs-projects-plus\\src\\ui\\views\\Board\\components\\Board\\boardHelpers.test.ts","startTime":1776881279815,"status":"passed","summary":""},{"assertionResults":[{"ancestorTitles":["resolve v2"],"duration":2,"failureDetails":[],"failureMessages":[],"fullName":"resolve v2 resolves minimum","invocations":1,"location":null,"numPassingAsserts":1,"retryReasons":[],"status":"passed","title":"resolves minimum"},{"ancestorTitles":["resolve v2"],"duration":2,"failureDetails":[],"failureMessages":[],"fullName":"resolve v2 resolves an empty project with defaults","invocations":1,"location":null,"numPassingAsserts":1,"retryReasons":[],"status":"passed","title":"resolves an empty project with defaults"},{"ancestorTitles":["clean up commands"],"duration":4,"failureDetails":[],"failureMessages":[],"fullName":"clean up commands uniquify commands and remove orphan ones","invocations":1,"location":null,"numPassingAsserts":1,"retryReasons":[],"status":"passed","title":"uniquify commands and remove orphan ones"}],"endTime":1776881280094,"message":"","name":"C:\\Users\\Park\\OBSv1.0\\obs-projects-plus\\src\\settings\\v2\\settings.test.ts","startTime":1776881279927,"status":"passed","summary":""},{"assertionResults":[{"ancestorTitles":["computeVirtualScroll"],"duration":3,"failureDetails":[],"failureMessages":[],"fullName":"computeVirtualScroll should compute correct window at scrollTop=0","invocations":1,"location":null,"numPassingAsserts":5,"retryReasons":[],"status":"passed","title":"should compute correct window at scrollTop=0"},{"ancestorTitles":["computeVirtualScroll"],"duration":1,"failureDetails":[],"failureMessages":[],"fullName":"computeVirtualScroll should offset correctly when scrolled to middle","invocations":1,"location":null,"numPassingAsserts":3,"retryReasons":[],"status":"passed","title":"should offset correctly when scrolled to middle"},{"ancestorTitles":["computeVirtualScroll"],"duration":1,"failureDetails":[],"failureMessages":[],"fullName":"computeVirtualScroll should clamp at end of list","invocations":1,"location":null,"numPassingAsserts":2,"retryReasons":[],"status":"passed","title":"should clamp at end of list"},{"ancestorTitles":["computeVirtualScroll"],"duration":0,"failureDetails":[],"failureMessages":[],"fullName":"computeVirtualScroll should handle negative scrollTop","invocations":1,"location":null,"numPassingAsserts":2,"retryReasons":[],"status":"passed","title":"should handle negative scrollTop"},{"ancestorTitles":["computeVirtualScroll"],"duration":1,"failureDetails":[],"failureMessages":[],"fullName":"computeVirtualScroll should handle 0 items","invocations":1,"location":null,"numPassingAsserts":4,"retryReasons":[],"status":"passed","title":"should handle 0 items"},{"ancestorTitles":["computeVirtualScroll"],"duration":1,"failureDetails":[],"failureMessages":[],"fullName":"computeVirtualScroll should handle 0 rowHeight","invocations":1,"location":null,"numPassingAsserts":1,"retryReasons":[],"status":"passed","title":"should handle 0 rowHeight"},{"ancestorTitles":["computeVirtualScroll"],"duration":0,"failureDetails":[],"failureMessages":[],"fullName":"computeVirtualScroll should handle 0 containerHeight","invocations":1,"location":null,"numPassingAsserts":1,"retryReasons":[],"status":"passed","title":"should handle 0 containerHeight"},{"ancestorTitles":["computeVirtualScroll"],"duration":2,"failureDetails":[],"failureMessages":[],"fullName":"computeVirtualScroll should use default overscan when not specified","invocations":1,"location":null,"numPassingAsserts":2,"retryReasons":[],"status":"passed","title":"should use default overscan when not specified"},{"ancestorTitles":["computeVirtualScroll"],"duration":1,"failureDetails":[],"failureMessages":[],"fullName":"computeVirtualScroll should render all items when count is small","invocations":1,"location":null,"numPassingAsserts":3,"retryReasons":[],"status":"passed","title":"should render all items when count is small"},{"ancestorTitles":["shouldVirtualize"],"duration":1,"failureDetails":[],"failureMessages":[],"fullName":"shouldVirtualize should return false for small datasets","invocations":1,"location":null,"numPassingAsserts":2,"retryReasons":[],"status":"passed","title":"should return false for small datasets"},{"ancestorTitles":["shouldVirtualize"],"duration":1,"failureDetails":[],"failureMessages":[],"fullName":"shouldVirtualize should return true above threshold","invocations":1,"location":null,"numPassingAsserts":2,"retryReasons":[],"status":"passed","title":"should return true above threshold"},{"ancestorTitles":["getRowHeight"],"duration":0,"failureDetails":[],"failureMessages":[],"fullName":"getRowHeight should return correct heights for each density","invocations":1,"location":null,"numPassingAsserts":3,"retryReasons":[],"status":"passed","title":"should return correct heights for each density"}],"endTime":1776881280099,"message":"","name":"C:\\Users\\Park\\OBSv1.0\\obs-projects-plus\\src\\ui\\views\\Database\\engine\\virtualScroll.test.ts","startTime":1776881279888,"status":"passed","summary":""},{"assertionResults":[{"ancestorTitles":[],"duration":2,"failureDetails":[],"failureMessages":[],"fullName":"interpolate string data","invocations":1,"location":null,"numPassingAsserts":4,"retryReasons":[],"status":"passed","title":"interpolate string data"}],"endTime":1776881280171,"message":"","name":"C:\\Users\\Park\\OBSv1.0\\obs-projects-plus\\src\\lib\\templates\\interpolate.test.ts","startTime":1776881280010,"status":"passed","summary":""}],"wasInterrupted":false}
